#
# A fatal error has been detected by the Java Runtime Environment:
#
#  EXCEPTION_ACCESS_VIOLATION (0xc0000005) at pc=0x00007ffa8d02222f, pid=4088, tid=9188
#
# JRE version: OpenJDK Runtime Environment (19.0.1+10) (build 19.0.1+10-21)
# Java VM: OpenJDK 64-Bit Server VM (19.0.1+10-21, mixed mode, sharing, tiered, compressed oops, compressed class ptrs, g1 gc, windows-amd64)
# Problematic frame:
# C  0x00007ffa8d02222f
#
# No core dump will be written. Minidumps are not enabled by default on client versions of Windows
#
# If you would like to submit a bug report, please visit:
#   https://bugreport.java.com/bugreport/crash.jsp
# The crash happened outside the Java Virtual Machine in native code.
# See problematic frame for where to report the bug.
#

---------------  S U M M A R Y ------------

Command Line: -javaagent:C:\Program Files\JetBrains\IntelliJ IDEA 2022.1.2\lib\idea_rt.jar=51370:C:\Program Files\JetBrains\IntelliJ IDEA 2022.1.2\bin -Dfile.encoding=UTF-8 Gui.Frame

Host: AMD Ryzen 5 3600 6-Core Processor              , 12 cores, 31G,  Windows 10 , 64 bit Build 19041 (10.0.19041.2546)
Time: Tue Mar 28 18:08:38 2023 Central European Daylight Time elapsed time: 16.272019 seconds (0d 0h 0m 16s)

---------------  T H R E A D  ---------------

Current thread (0x000001b944807460):  JavaThread "Signal Dispatcher" daemon [_thread_in_native, id=9188, stack(0x000000aa75a00000,0x000000aa75b00000)]

Stack: [0x000000aa75a00000,0x000000aa75b00000],  sp=0x000000aa75afef98,  free space=1019k
Native frames: (J=compiled Java code, j=interpreted, Vv=VM code, C=native code)
C  0x00007ffa8d02222f

Java frames: (J=compiled Java code, j=interpreted, Vv=VM code)
j  jdk.internal.misc.Signal.dispatch(I)V+25 java.base@19.0.1
v  ~StubRoutines::call_stub 0x000001b928ef100e

siginfo: EXCEPTION_ACCESS_VIOLATION (0xc0000005), data execution prevention violation at address 0x00007ffa8d02222f


Registers:
RAX=0x00007ffa8d02222f, RBX=0x000001b944807460, RCX=0x000001b94f460600, RDX=0x000001b944807740
RSP=0x000000aa75afef98, RBP=0x0000000000000000, RSI=0x000001b9565d0a20, RDI=0x000001b94bbc66d8
R8 =0x000001b94bbc66d0, R9 =0x000001b94bbc66d8, R10=0x00007ffaa1da0000, R11=0x00007ffaa1da1b74
R12=0x00000000c5775d31, R13=0x000001b94f460600, R14=0x0000000801195a90, R15=0x000001b94bbc66d0
RIP=0x00007ffa8d02222f, EFLAGS=0x0000000000010202


Register to memory mapping:

RIP=0x00007ffa8d02222f is an unknown value
RAX=0x00007ffa8d02222f is an unknown value
RBX=0x000001b944807460 is a thread
RCX=0x000001b94f460600 points into unknown readable memory: 0x00007ffa02d38ff0 | f0 8f d3 02 fa 7f 00 00
RDX=0x000001b944807740 points into unknown readable memory: 0x00007ffa02d2f9a0 | a0 f9 d2 02 fa 7f 00 00
RSP=0x000000aa75afef98 is pointing into the stack for thread: 0x000001b944807460
RBP=0x0 is NULL
RSI=0x000001b9565d0a20 points into unknown readable memory: 0x000001b94f50fd10 | 10 fd 50 4f b9 01 00 00
RDI=0x000001b94bbc66d8 points into unknown readable memory: 0x0000000620289760 | 60 97 28 20 06 00 00 00
R8 =0x000001b94bbc66d0 points into unknown readable memory: 0x000000060140d938 | 38 d9 40 01 06 00 00 00
R9 =0x000001b94bbc66d8 points into unknown readable memory: 0x0000000620289760 | 60 97 28 20 06 00 00 00
R10=0x00007ffaa1da0000 VCRUNTIME140.dll
R11=0x00007ffaa1da1b74 VCRUNTIME140.dll
R12=0x00000000c5775d31 is an unknown value
R13=0x000001b94f460600 points into unknown readable memory: 0x00007ffa02d38ff0 | f0 8f d3 02 fa 7f 00 00
R14=0x0000000801195a90 is a pointer to class: 
jdk.internal.misc.Signal$1 {0x0000000801195a98}
 - instance size:     3
 - klass size:        67
 - access:            synchronized 
 - state:             loaded
 - name:              'jdk/internal/misc/Signal$1'
 - super:             'java/lang/Object'
 - sub:               
 - arrays:            NULL
 - methods:           Array<T>(0x000001b9484c8ae0)
 - method ordering:   Array<T>(0x0000000800afd490)
 - default_methods:   Array<T>(0x0000000000000000)
 - local interfaces:  Array<T>(0x000001b9484c8ab0)
 - trans. interfaces: Array<T>(0x000001b9484c8ab0)
 - constants:         constant pool [44] {0x000001b9484c88e0} for 'jdk/internal/misc/Signal$1'
 - class loader data:  loader data: 0x000001b9182c5b30 of 'bootstrap'
 - source file:       'Signal.java'
 - class annotations:       Array<T>(0x0000000000000000)
 - class type annotations:  Array<T>(0x0000000000000000)
 - field annotations:       Array<T>(0x0000000000000000)
 - field type annotations:  Array<T>(0x0000000000000000)
 - inner classes:     Array<T>(0x000001b9484c8c68)
 - nest members:     Array<T>(0x00000008005ebc40)
 - permitted subclasses:     Array<T>(0x00000008005ebc40)
 - java mirror:       a 'java/lang/Class'{0x0000000620289760} = 'jdk/internal/misc/Signal$1'
 - vtable length      6  (start addr: 0x0000000801195c48)
 - itable length      5 (start addr: 0x0000000801195c78)
 - ---- static fields (0 words):
 - ---- non-static fields (2 words):
 - final synthetic 'val$handler' 'Ljdk/internal/misc/Signal$Handler;' @12 
 - final synthetic 'val$sig' 'Ljdk/internal/misc/Signal;' @16 
 - non-static oop maps: 12-16 
R15=0x000001b94bbc66d0 points into unknown readable memory: 0x000000060140d938 | 38 d9 40 01 06 00 00 00


Top of Stack: (sp=0x000000aa75afef98)
0x000000aa75afef98:   00007ffa027571b5 000001b944807460
0x000000aa75afefa8:   0000000000000000 000001b9565d0a20
0x000000aa75afefb8:   000001b9447239e8 000001b94f460600
0x000000aa75afefc8:   00007ffa022940bb 0000000000000020
0x000000aa75afefd8:   0000000000000001 00000000c5775d31
0x000000aa75afefe8:   000001b9448079b0 000001b944804090
0x000000aa75afeff8:   000001b9448079a0 000001b9448079b0
0x000000aa75aff008:   000001b944807d88 00000000000003d8
0x000000aa75aff018:   000001b944807460 000001b944807460
0x000000aa75aff028:   000001b944804490 000001b947380b30
0x000000aa75aff038:   000001b947380b40 000001b947380c18
0x000000aa75aff048:   00000000000000d8 000000aa75aff060
0x000000aa75aff058:   0000000801195a90 000001b944807460
0x000000aa75aff068:   000001b944804490 000001b947380b30
0x000000aa75aff078:   000001b947380b40 000001b947380c18
0x000000aa75aff088:   00000000000000d8 000000aa75aff4b8 

Instructions: (pc=0x00007ffa8d02222f)
0x00007ffa8d02212f:   ?? ?? ?? ?? ?? ?? ?? ?? ?? ?? ?? ?? ?? ?? ?? ??
0x00007ffa8d02213f:   ?? ?? ?? ?? ?? ?? ?? ?? ?? ?? ?? ?? ?? ?? ?? ??
0x00007ffa8d02214f:   ?? ?? ?? ?? ?? ?? ?? ?? ?? ?? ?? ?? ?? ?? ?? ??
0x00007ffa8d02215f:   ?? ?? ?? ?? ?? ?? ?? ?? ?? ?? ?? ?? ?? ?? ?? ??
0x00007ffa8d02216f:   ?? ?? ?? ?? ?? ?? ?? ?? ?? ?? ?? ?? ?? ?? ?? ??
0x00007ffa8d02217f:   ?? ?? ?? ?? ?? ?? ?? ?? ?? ?? ?? ?? ?? ?? ?? ??
0x00007ffa8d02218f:   ?? ?? ?? ?? ?? ?? ?? ?? ?? ?? ?? ?? ?? ?? ?? ??
0x00007ffa8d02219f:   ?? ?? ?? ?? ?? ?? ?? ?? ?? ?? ?? ?? ?? ?? ?? ??
0x00007ffa8d0221af:   ?? ?? ?? ?? ?? ?? ?? ?? ?? ?? ?? ?? ?? ?? ?? ??
0x00007ffa8d0221bf:   ?? ?? ?? ?? ?? ?? ?? ?? ?? ?? ?? ?? ?? ?? ?? ??
0x00007ffa8d0221cf:   ?? ?? ?? ?? ?? ?? ?? ?? ?? ?? ?? ?? ?? ?? ?? ??
0x00007ffa8d0221df:   ?? ?? ?? ?? ?? ?? ?? ?? ?? ?? ?? ?? ?? ?? ?? ??
0x00007ffa8d0221ef:   ?? ?? ?? ?? ?? ?? ?? ?? ?? ?? ?? ?? ?? ?? ?? ??
0x00007ffa8d0221ff:   ?? ?? ?? ?? ?? ?? ?? ?? ?? ?? ?? ?? ?? ?? ?? ??
0x00007ffa8d02220f:   ?? ?? ?? ?? ?? ?? ?? ?? ?? ?? ?? ?? ?? ?? ?? ??
0x00007ffa8d02221f:   ?? ?? ?? ?? ?? ?? ?? ?? ?? ?? ?? ?? ?? ?? ?? ??
0x00007ffa8d02222f:   ?? ?? ?? ?? ?? ?? ?? ?? ?? ?? ?? ?? ?? ?? ?? ??
0x00007ffa8d02223f:   ?? ?? ?? ?? ?? ?? ?? ?? ?? ?? ?? ?? ?? ?? ?? ??
0x00007ffa8d02224f:   ?? ?? ?? ?? ?? ?? ?? ?? ?? ?? ?? ?? ?? ?? ?? ??
0x00007ffa8d02225f:   ?? ?? ?? ?? ?? ?? ?? ?? ?? ?? ?? ?? ?? ?? ?? ??
0x00007ffa8d02226f:   ?? ?? ?? ?? ?? ?? ?? ?? ?? ?? ?? ?? ?? ?? ?? ??
0x00007ffa8d02227f:   ?? ?? ?? ?? ?? ?? ?? ?? ?? ?? ?? ?? ?? ?? ?? ??
0x00007ffa8d02228f:   ?? ?? ?? ?? ?? ?? ?? ?? ?? ?? ?? ?? ?? ?? ?? ??
0x00007ffa8d02229f:   ?? ?? ?? ?? ?? ?? ?? ?? ?? ?? ?? ?? ?? ?? ?? ??
0x00007ffa8d0222af:   ?? ?? ?? ?? ?? ?? ?? ?? ?? ?? ?? ?? ?? ?? ?? ??
0x00007ffa8d0222bf:   ?? ?? ?? ?? ?? ?? ?? ?? ?? ?? ?? ?? ?? ?? ?? ??
0x00007ffa8d0222cf:   ?? ?? ?? ?? ?? ?? ?? ?? ?? ?? ?? ?? ?? ?? ?? ??
0x00007ffa8d0222df:   ?? ?? ?? ?? ?? ?? ?? ?? ?? ?? ?? ?? ?? ?? ?? ??
0x00007ffa8d0222ef:   ?? ?? ?? ?? ?? ?? ?? ?? ?? ?? ?? ?? ?? ?? ?? ??
0x00007ffa8d0222ff:   ?? ?? ?? ?? ?? ?? ?? ?? ?? ?? ?? ?? ?? ?? ?? ??
0x00007ffa8d02230f:   ?? ?? ?? ?? ?? ?? ?? ?? ?? ?? ?? ?? ?? ?? ?? ??
0x00007ffa8d02231f:   ?? ?? ?? ?? ?? ?? ?? ?? ?? ?? ?? ?? ?? ?? ?? ?? 


Stack slot to memory mapping:
stack at sp + 0 slots: 0x00007ffa027571b5 jvm.dll
stack at sp + 1 slots: 0x000001b944807460 is a thread
stack at sp + 2 slots: 0x0 is NULL
stack at sp + 3 slots: 0x000001b9565d0a20 points into unknown readable memory: 0x000001b94f50fd10 | 10 fd 50 4f b9 01 00 00
stack at sp + 4 slots: 0x000001b9447239e8 points into unknown readable memory: 0x000001b944807460 | 60 74 80 44 b9 01 00 00
stack at sp + 5 slots: 0x000001b94f460600 points into unknown readable memory: 0x00007ffa02d38ff0 | f0 8f d3 02 fa 7f 00 00
stack at sp + 6 slots: 0x00007ffa022940bb jvm.dll
stack at sp + 7 slots: 0x0000000000000020 is an unknown value


---------------  P R O C E S S  ---------------

Threads class SMR info:
_java_thread_list=0x000001b94f6527f0, length=21, elements={
0x000001b944804dd0, 0x000001b9448059c0, 0x000001b944807460, 0x000001b944807d90,
0x000001b944808800, 0x000001b94480b2c0, 0x000001b94480e2c0, 0x000001b94480f4c0,
0x000001b944812050, 0x000001b9474722f0, 0x000001b9475a2a10, 0x000001b9475c6420,
0x000001b94b970d70, 0x000001b94b973e50, 0x000001b9476fbf60, 0x000001b94e9b40e0,
0x000001b94ee18290, 0x000001b94ee16800, 0x000001b94ee172a0, 0x000001b94ee187e0,
0x000001b94ee19280
}

Java Threads: ( => current thread )
  0x000001b944804dd0 JavaThread "Reference Handler" daemon [_thread_blocked, id=10196, stack(0x000000aa75800000,0x000000aa75900000)]
  0x000001b9448059c0 JavaThread "Finalizer" daemon [_thread_blocked, id=4680, stack(0x000000aa75900000,0x000000aa75a00000)]
=>0x000001b944807460 JavaThread "Signal Dispatcher" daemon [_thread_in_native, id=9188, stack(0x000000aa75a00000,0x000000aa75b00000)]
  0x000001b944807d90 JavaThread "Attach Listener" daemon [_thread_blocked, id=1372, stack(0x000000aa75b00000,0x000000aa75c00000)]
  0x000001b944808800 JavaThread "Service Thread" daemon [_thread_blocked, id=16612, stack(0x000000aa75c00000,0x000000aa75d00000)]
  0x000001b94480b2c0 JavaThread "Monitor Deflation Thread" daemon [_thread_blocked, id=20240, stack(0x000000aa75d00000,0x000000aa75e00000)]
  0x000001b94480e2c0 JavaThread "C2 CompilerThread0" daemon [_thread_blocked, id=12772, stack(0x000000aa75e00000,0x000000aa75f00000)]
  0x000001b94480f4c0 JavaThread "C1 CompilerThread0" daemon [_thread_blocked, id=8824, stack(0x000000aa75f00000,0x000000aa76000000)]
  0x000001b944812050 JavaThread "Sweeper thread" daemon [_thread_blocked, id=16660, stack(0x000000aa76000000,0x000000aa76100000)]
  0x000001b9474722f0 JavaThread "Common-Cleaner" daemon [_thread_blocked, id=13192, stack(0x000000aa76100000,0x000000aa76200000)]
  0x000001b9475a2a10 JavaThread "Monitor Ctrl-Break" daemon [_thread_in_native, id=3040, stack(0x000000aa76200000,0x000000aa76300000)]
  0x000001b9475c6420 JavaThread "Notification Thread" daemon [_thread_blocked, id=5100, stack(0x000000aa76300000,0x000000aa76400000)]
  0x000001b94b970d70 JavaThread "Java2D Disposer" daemon [_thread_blocked, id=21160, stack(0x000000aa76500000,0x000000aa76600000)]
  0x000001b94b973e50 JavaThread "AWT-Shutdown" [_thread_blocked, id=2084, stack(0x000000aa76600000,0x000000aa76700000)]
  0x000001b9476fbf60 JavaThread "AWT-Windows" daemon [_thread_in_native, id=13348, stack(0x000000aa76700000,0x000000aa76800000)]
  0x000001b94e9b40e0 JavaThread "AWT-EventQueue-0" [_thread_blocked, id=19628, stack(0x000000aa76a00000,0x000000aa76b00000)]
  0x000001b94ee18290 JavaThread "TimerQueue" daemon [_thread_blocked, id=13692, stack(0x000000aa77800000,0x000000aa77900000)]
  0x000001b94ee16800 JavaThread "SwingWorker-pool-1-thread-1" daemon [_thread_blocked, id=19916, stack(0x000000aa77900000,0x000000aa77a00000)]
  0x000001b94ee172a0 JavaThread "SwingWorker-pool-1-thread-2" daemon [_thread_blocked, id=18980, stack(0x000000aa77a00000,0x000000aa77b00000)]
  0x000001b94ee187e0 JavaThread "DestroyJavaVM" [_thread_blocked, id=20628, stack(0x000000aa75100000,0x000000aa75200000)]
  0x000001b94ee19280 JavaThread "D3D Screen Updater" daemon [_thread_blocked, id=3888, stack(0x000000aa77d00000,0x000000aa77e00000)]

Other Threads:
  0x000001b9447ec020 VMThread "VM Thread" [stack: 0x000000aa75700000,0x000000aa75800000] [id=20228]
  0x000001b918264450 WatcherThread "VM Periodic Task Thread" [stack: 0x000000aa76400000,0x000000aa76500000] [id=8332]
  0x000001b9182d3210 WorkerThread "GC Thread#0" [stack: 0x000000aa75200000,0x000000aa75300000] [id=14444]
  0x000001b94f23dbf0 WorkerThread "GC Thread#1" [stack: 0x000000aa76800000,0x000000aa76900000] [id=9028]
  0x000001b94f23f810 WorkerThread "GC Thread#2" [stack: 0x000000aa76900000,0x000000aa76a00000] [id=3808]
  0x000001b94f23fae0 WorkerThread "GC Thread#3" [stack: 0x000000aa76e00000,0x000000aa76f00000] [id=4788]
  0x000001b94f23d0b0 WorkerThread "GC Thread#4" [stack: 0x000000aa76f00000,0x000000aa77000000] [id=15680]
  0x000001b94f240620 WorkerThread "GC Thread#5" [stack: 0x000000aa77000000,0x000000aa77100000] [id=8936]
  0x000001b94f23f540 WorkerThread "GC Thread#6" [stack: 0x000000aa77100000,0x000000aa77200000] [id=8256]
  0x000001b94f23d380 WorkerThread "GC Thread#7" [stack: 0x000000aa77200000,0x000000aa77300000] [id=2768]
  0x000001b94f23d650 WorkerThread "GC Thread#8" [stack: 0x000000aa77300000,0x000000aa77400000] [id=20748]
  0x000001b94f23efa0 WorkerThread "GC Thread#9" [stack: 0x000000aa77400000,0x000000aa77500000] [id=2936]
  0x000001b9182e0190 ConcurrentGCThread "G1 Main Marker" [stack: 0x000000aa75300000,0x000000aa75400000] [id=12392]
  0x000001b9182e0bc0 WorkerThread "G1 Conc#0" [stack: 0x000000aa75400000,0x000000aa75500000] [id=792]
  0x000001b9447219f0 ConcurrentGCThread "G1 Refine#0" [stack: 0x000000aa75500000,0x000000aa75600000] [id=20216]
  0x000001b944722530 ConcurrentGCThread "G1 Service" [stack: 0x000000aa75600000,0x000000aa75700000] [id=10440]

Threads with active compile tasks:

VM state: not at safepoint (normal execution)

VM Mutex/Monitor currently owned by a thread: None

Heap address: 0x0000000601400000, size: 8172 MB, Compressed Oops mode: Zero based, Oop shift amount: 3

CDS archive(s) mapped at: [0x0000000800000000-0x0000000800c30000-0x0000000800c30000), size 12779520, SharedBaseAddress: 0x0000000800000000, ArchiveRelocationMode: 0.
Compressed class space mapped at: 0x0000000801000000-0x0000000841000000, reserved size: 1073741824
Narrow klass base: 0x0000000800000000, Narrow klass shift: 0, Narrow klass range: 0x100000000

GC Precious Log:
 CardTable entry size: 512
 Card Set container configuration: InlinePtr #cards 4 size 8 Array Of Cards #cards 32 size 80 Howl #buckets 8 coarsen threshold 7372 Howl Bitmap #cards 1024 size 144 coarsen threshold 921 Card regions per heap region 1 cards per card region 8192
 CPUs: 12 total, 12 available
 Memory: 32677M
 Large Page Support: Disabled
 NUMA Support: Disabled
 Compressed Oops: Enabled (Zero based)
 Heap Region Size: 4M
 Heap Min Capacity: 8M
 Heap Initial Capacity: 512M
 Heap Max Capacity: 8172M
 Pre-touch: Disabled
 Parallel Workers: 10
 Concurrent Workers: 3
 Concurrent Refinement Workers: 10
 Periodic GC: Disabled

Heap:
 garbage-first heap   total 524288K, used 25158K [0x0000000601400000, 0x0000000800000000)
  region size 4096K, 6 young (24576K), 1 survivors (4096K)
 Metaspace       used 14718K, committed 15040K, reserved 1114112K
  class space    used 1590K, committed 1728K, reserved 1048576K

Heap Regions: E=young(eden), S=young(survivor), O=old, HS=humongous(starts), HC=humongous(continues), CS=collection set, F=free, OA=open archive, CA=closed archive, TAMS=top-at-mark-start (previous, next)
|   0|0x0000000601400000, 0x0000000601800000, 0x0000000601800000|100%| O|  |TAMS 0x0000000601400000, 0x0000000601400000| Untracked 
|   1|0x0000000601800000, 0x0000000601891a00, 0x0000000601c00000| 14%| O|  |TAMS 0x0000000601800000, 0x0000000601800000| Untracked 
|   2|0x0000000601c00000, 0x0000000601c00000, 0x0000000602000000|  0%| F|  |TAMS 0x0000000601c00000, 0x0000000601c00000| Untracked 
|   3|0x0000000602000000, 0x0000000602000000, 0x0000000602400000|  0%| F|  |TAMS 0x0000000602000000, 0x0000000602000000| Untracked 
|   4|0x0000000602400000, 0x0000000602400000, 0x0000000602800000|  0%| F|  |TAMS 0x0000000602400000, 0x0000000602400000| Untracked 
|   5|0x0000000602800000, 0x0000000602800000, 0x0000000602c00000|  0%| F|  |TAMS 0x0000000602800000, 0x0000000602800000| Untracked 
|   6|0x0000000602c00000, 0x0000000602c00000, 0x0000000603000000|  0%| F|  |TAMS 0x0000000602c00000, 0x0000000602c00000| Untracked 
|   7|0x0000000603000000, 0x0000000603000000, 0x0000000603400000|  0%| F|  |TAMS 0x0000000603000000, 0x0000000603000000| Untracked 
|   8|0x0000000603400000, 0x0000000603400000, 0x0000000603800000|  0%| F|  |TAMS 0x0000000603400000, 0x0000000603400000| Untracked 
|   9|0x0000000603800000, 0x0000000603800000, 0x0000000603c00000|  0%| F|  |TAMS 0x0000000603800000, 0x0000000603800000| Untracked 
|  10|0x0000000603c00000, 0x0000000603c00000, 0x0000000604000000|  0%| F|  |TAMS 0x0000000603c00000, 0x0000000603c00000| Untracked 
|  11|0x0000000604000000, 0x0000000604000000, 0x0000000604400000|  0%| F|  |TAMS 0x0000000604000000, 0x0000000604000000| Untracked 
|  12|0x0000000604400000, 0x0000000604400000, 0x0000000604800000|  0%| F|  |TAMS 0x0000000604400000, 0x0000000604400000| Untracked 
|  13|0x0000000604800000, 0x0000000604800000, 0x0000000604c00000|  0%| F|  |TAMS 0x0000000604800000, 0x0000000604800000| Untracked 
|  14|0x0000000604c00000, 0x0000000604c00000, 0x0000000605000000|  0%| F|  |TAMS 0x0000000604c00000, 0x0000000604c00000| Untracked 
|  15|0x0000000605000000, 0x0000000605000000, 0x0000000605400000|  0%| F|  |TAMS 0x0000000605000000, 0x0000000605000000| Untracked 
|  16|0x0000000605400000, 0x0000000605400000, 0x0000000605800000|  0%| F|  |TAMS 0x0000000605400000, 0x0000000605400000| Untracked 
|  17|0x0000000605800000, 0x0000000605800000, 0x0000000605c00000|  0%| F|  |TAMS 0x0000000605800000, 0x0000000605800000| Untracked 
|  18|0x0000000605c00000, 0x0000000605c00000, 0x0000000606000000|  0%| F|  |TAMS 0x0000000605c00000, 0x0000000605c00000| Untracked 
|  19|0x0000000606000000, 0x0000000606000000, 0x0000000606400000|  0%| F|  |TAMS 0x0000000606000000, 0x0000000606000000| Untracked 
|  20|0x0000000606400000, 0x0000000606400000, 0x0000000606800000|  0%| F|  |TAMS 0x0000000606400000, 0x0000000606400000| Untracked 
|  21|0x0000000606800000, 0x0000000606800000, 0x0000000606c00000|  0%| F|  |TAMS 0x0000000606800000, 0x0000000606800000| Untracked 
|  22|0x0000000606c00000, 0x0000000606c00000, 0x0000000607000000|  0%| F|  |TAMS 0x0000000606c00000, 0x0000000606c00000| Untracked 
|  23|0x0000000607000000, 0x0000000607000000, 0x0000000607400000|  0%| F|  |TAMS 0x0000000607000000, 0x0000000607000000| Untracked 
|  24|0x0000000607400000, 0x0000000607400000, 0x0000000607800000|  0%| F|  |TAMS 0x0000000607400000, 0x0000000607400000| Untracked 
|  25|0x0000000607800000, 0x0000000607800000, 0x0000000607c00000|  0%| F|  |TAMS 0x0000000607800000, 0x0000000607800000| Untracked 
|  26|0x0000000607c00000, 0x0000000607c00000, 0x0000000608000000|  0%| F|  |TAMS 0x0000000607c00000, 0x0000000607c00000| Untracked 
|  27|0x0000000608000000, 0x0000000608000000, 0x0000000608400000|  0%| F|  |TAMS 0x0000000608000000, 0x0000000608000000| Untracked 
|  28|0x0000000608400000, 0x0000000608400000, 0x0000000608800000|  0%| F|  |TAMS 0x0000000608400000, 0x0000000608400000| Untracked 
|  29|0x0000000608800000, 0x0000000608800000, 0x0000000608c00000|  0%| F|  |TAMS 0x0000000608800000, 0x0000000608800000| Untracked 
|  30|0x0000000608c00000, 0x0000000608c00000, 0x0000000609000000|  0%| F|  |TAMS 0x0000000608c00000, 0x0000000608c00000| Untracked 
|  31|0x0000000609000000, 0x0000000609000000, 0x0000000609400000|  0%| F|  |TAMS 0x0000000609000000, 0x0000000609000000| Untracked 
|  32|0x0000000609400000, 0x0000000609400000, 0x0000000609800000|  0%| F|  |TAMS 0x0000000609400000, 0x0000000609400000| Untracked 
|  33|0x0000000609800000, 0x0000000609800000, 0x0000000609c00000|  0%| F|  |TAMS 0x0000000609800000, 0x0000000609800000| Untracked 
|  34|0x0000000609c00000, 0x0000000609c00000, 0x000000060a000000|  0%| F|  |TAMS 0x0000000609c00000, 0x0000000609c00000| Untracked 
|  35|0x000000060a000000, 0x000000060a000000, 0x000000060a400000|  0%| F|  |TAMS 0x000000060a000000, 0x000000060a000000| Untracked 
|  36|0x000000060a400000, 0x000000060a400000, 0x000000060a800000|  0%| F|  |TAMS 0x000000060a400000, 0x000000060a400000| Untracked 
|  37|0x000000060a800000, 0x000000060a800000, 0x000000060ac00000|  0%| F|  |TAMS 0x000000060a800000, 0x000000060a800000| Untracked 
|  38|0x000000060ac00000, 0x000000060ac00000, 0x000000060b000000|  0%| F|  |TAMS 0x000000060ac00000, 0x000000060ac00000| Untracked 
|  39|0x000000060b000000, 0x000000060b000000, 0x000000060b400000|  0%| F|  |TAMS 0x000000060b000000, 0x000000060b000000| Untracked 
|  40|0x000000060b400000, 0x000000060b400000, 0x000000060b800000|  0%| F|  |TAMS 0x000000060b400000, 0x000000060b400000| Untracked 
|  41|0x000000060b800000, 0x000000060b800000, 0x000000060bc00000|  0%| F|  |TAMS 0x000000060b800000, 0x000000060b800000| Untracked 
|  42|0x000000060bc00000, 0x000000060bc00000, 0x000000060c000000|  0%| F|  |TAMS 0x000000060bc00000, 0x000000060bc00000| Untracked 
|  43|0x000000060c000000, 0x000000060c000000, 0x000000060c400000|  0%| F|  |TAMS 0x000000060c000000, 0x000000060c000000| Untracked 
|  44|0x000000060c400000, 0x000000060c400000, 0x000000060c800000|  0%| F|  |TAMS 0x000000060c400000, 0x000000060c400000| Untracked 
|  45|0x000000060c800000, 0x000000060c800000, 0x000000060cc00000|  0%| F|  |TAMS 0x000000060c800000, 0x000000060c800000| Untracked 
|  46|0x000000060cc00000, 0x000000060cc00000, 0x000000060d000000|  0%| F|  |TAMS 0x000000060cc00000, 0x000000060cc00000| Untracked 
|  47|0x000000060d000000, 0x000000060d000000, 0x000000060d400000|  0%| F|  |TAMS 0x000000060d000000, 0x000000060d000000| Untracked 
|  48|0x000000060d400000, 0x000000060d400000, 0x000000060d800000|  0%| F|  |TAMS 0x000000060d400000, 0x000000060d400000| Untracked 
|  49|0x000000060d800000, 0x000000060d800000, 0x000000060dc00000|  0%| F|  |TAMS 0x000000060d800000, 0x000000060d800000| Untracked 
|  50|0x000000060dc00000, 0x000000060dc00000, 0x000000060e000000|  0%| F|  |TAMS 0x000000060dc00000, 0x000000060dc00000| Untracked 
|  51|0x000000060e000000, 0x000000060e000000, 0x000000060e400000|  0%| F|  |TAMS 0x000000060e000000, 0x000000060e000000| Untracked 
|  52|0x000000060e400000, 0x000000060e400000, 0x000000060e800000|  0%| F|  |TAMS 0x000000060e400000, 0x000000060e400000| Untracked 
|  53|0x000000060e800000, 0x000000060e800000, 0x000000060ec00000|  0%| F|  |TAMS 0x000000060e800000, 0x000000060e800000| Untracked 
|  54|0x000000060ec00000, 0x000000060ec00000, 0x000000060f000000|  0%| F|  |TAMS 0x000000060ec00000, 0x000000060ec00000| Untracked 
|  55|0x000000060f000000, 0x000000060f000000, 0x000000060f400000|  0%| F|  |TAMS 0x000000060f000000, 0x000000060f000000| Untracked 
|  56|0x000000060f400000, 0x000000060f400000, 0x000000060f800000|  0%| F|  |TAMS 0x000000060f400000, 0x000000060f400000| Untracked 
|  57|0x000000060f800000, 0x000000060f800000, 0x000000060fc00000|  0%| F|  |TAMS 0x000000060f800000, 0x000000060f800000| Untracked 
|  58|0x000000060fc00000, 0x000000060fc00000, 0x0000000610000000|  0%| F|  |TAMS 0x000000060fc00000, 0x000000060fc00000| Untracked 
|  59|0x0000000610000000, 0x0000000610000000, 0x0000000610400000|  0%| F|  |TAMS 0x0000000610000000, 0x0000000610000000| Untracked 
|  60|0x0000000610400000, 0x0000000610400000, 0x0000000610800000|  0%| F|  |TAMS 0x0000000610400000, 0x0000000610400000| Untracked 
|  61|0x0000000610800000, 0x0000000610800000, 0x0000000610c00000|  0%| F|  |TAMS 0x0000000610800000, 0x0000000610800000| Untracked 
|  62|0x0000000610c00000, 0x0000000610c00000, 0x0000000611000000|  0%| F|  |TAMS 0x0000000610c00000, 0x0000000610c00000| Untracked 
|  63|0x0000000611000000, 0x0000000611000000, 0x0000000611400000|  0%| F|  |TAMS 0x0000000611000000, 0x0000000611000000| Untracked 
|  64|0x0000000611400000, 0x0000000611400000, 0x0000000611800000|  0%| F|  |TAMS 0x0000000611400000, 0x0000000611400000| Untracked 
|  65|0x0000000611800000, 0x0000000611800000, 0x0000000611c00000|  0%| F|  |TAMS 0x0000000611800000, 0x0000000611800000| Untracked 
|  66|0x0000000611c00000, 0x0000000611c00000, 0x0000000612000000|  0%| F|  |TAMS 0x0000000611c00000, 0x0000000611c00000| Untracked 
|  67|0x0000000612000000, 0x0000000612000000, 0x0000000612400000|  0%| F|  |TAMS 0x0000000612000000, 0x0000000612000000| Untracked 
|  68|0x0000000612400000, 0x0000000612400000, 0x0000000612800000|  0%| F|  |TAMS 0x0000000612400000, 0x0000000612400000| Untracked 
|  69|0x0000000612800000, 0x0000000612800000, 0x0000000612c00000|  0%| F|  |TAMS 0x0000000612800000, 0x0000000612800000| Untracked 
|  70|0x0000000612c00000, 0x0000000612c00000, 0x0000000613000000|  0%| F|  |TAMS 0x0000000612c00000, 0x0000000612c00000| Untracked 
|  71|0x0000000613000000, 0x0000000613000000, 0x0000000613400000|  0%| F|  |TAMS 0x0000000613000000, 0x0000000613000000| Untracked 
|  72|0x0000000613400000, 0x0000000613400000, 0x0000000613800000|  0%| F|  |TAMS 0x0000000613400000, 0x0000000613400000| Untracked 
|  73|0x0000000613800000, 0x0000000613800000, 0x0000000613c00000|  0%| F|  |TAMS 0x0000000613800000, 0x0000000613800000| Untracked 
|  74|0x0000000613c00000, 0x0000000613c00000, 0x0000000614000000|  0%| F|  |TAMS 0x0000000613c00000, 0x0000000613c00000| Untracked 
|  75|0x0000000614000000, 0x0000000614000000, 0x0000000614400000|  0%| F|  |TAMS 0x0000000614000000, 0x0000000614000000| Untracked 
|  76|0x0000000614400000, 0x0000000614400000, 0x0000000614800000|  0%| F|  |TAMS 0x0000000614400000, 0x0000000614400000| Untracked 
|  77|0x0000000614800000, 0x0000000614800000, 0x0000000614c00000|  0%| F|  |TAMS 0x0000000614800000, 0x0000000614800000| Untracked 
|  78|0x0000000614c00000, 0x0000000614c00000, 0x0000000615000000|  0%| F|  |TAMS 0x0000000614c00000, 0x0000000614c00000| Untracked 
|  79|0x0000000615000000, 0x0000000615000000, 0x0000000615400000|  0%| F|  |TAMS 0x0000000615000000, 0x0000000615000000| Untracked 
|  80|0x0000000615400000, 0x0000000615400000, 0x0000000615800000|  0%| F|  |TAMS 0x0000000615400000, 0x0000000615400000| Untracked 
|  81|0x0000000615800000, 0x0000000615800000, 0x0000000615c00000|  0%| F|  |TAMS 0x0000000615800000, 0x0000000615800000| Untracked 
|  82|0x0000000615c00000, 0x0000000615c00000, 0x0000000616000000|  0%| F|  |TAMS 0x0000000615c00000, 0x0000000615c00000| Untracked 
|  83|0x0000000616000000, 0x0000000616000000, 0x0000000616400000|  0%| F|  |TAMS 0x0000000616000000, 0x0000000616000000| Untracked 
|  84|0x0000000616400000, 0x0000000616400000, 0x0000000616800000|  0%| F|  |TAMS 0x0000000616400000, 0x0000000616400000| Untracked 
|  85|0x0000000616800000, 0x0000000616800000, 0x0000000616c00000|  0%| F|  |TAMS 0x0000000616800000, 0x0000000616800000| Untracked 
|  86|0x0000000616c00000, 0x0000000616c00000, 0x0000000617000000|  0%| F|  |TAMS 0x0000000616c00000, 0x0000000616c00000| Untracked 
|  87|0x0000000617000000, 0x0000000617000000, 0x0000000617400000|  0%| F|  |TAMS 0x0000000617000000, 0x0000000617000000| Untracked 
|  88|0x0000000617400000, 0x0000000617400000, 0x0000000617800000|  0%| F|  |TAMS 0x0000000617400000, 0x0000000617400000| Untracked 
|  89|0x0000000617800000, 0x0000000617800000, 0x0000000617c00000|  0%| F|  |TAMS 0x0000000617800000, 0x0000000617800000| Untracked 
|  90|0x0000000617c00000, 0x0000000617c00000, 0x0000000618000000|  0%| F|  |TAMS 0x0000000617c00000, 0x0000000617c00000| Untracked 
|  91|0x0000000618000000, 0x0000000618000000, 0x0000000618400000|  0%| F|  |TAMS 0x0000000618000000, 0x0000000618000000| Untracked 
|  92|0x0000000618400000, 0x0000000618400000, 0x0000000618800000|  0%| F|  |TAMS 0x0000000618400000, 0x0000000618400000| Untracked 
|  93|0x0000000618800000, 0x0000000618800000, 0x0000000618c00000|  0%| F|  |TAMS 0x0000000618800000, 0x0000000618800000| Untracked 
|  94|0x0000000618c00000, 0x0000000618c00000, 0x0000000619000000|  0%| F|  |TAMS 0x0000000618c00000, 0x0000000618c00000| Untracked 
|  95|0x0000000619000000, 0x0000000619000000, 0x0000000619400000|  0%| F|  |TAMS 0x0000000619000000, 0x0000000619000000| Untracked 
|  96|0x0000000619400000, 0x0000000619400000, 0x0000000619800000|  0%| F|  |TAMS 0x0000000619400000, 0x0000000619400000| Untracked 
|  97|0x0000000619800000, 0x0000000619800000, 0x0000000619c00000|  0%| F|  |TAMS 0x0000000619800000, 0x0000000619800000| Untracked 
|  98|0x0000000619c00000, 0x0000000619c00000, 0x000000061a000000|  0%| F|  |TAMS 0x0000000619c00000, 0x0000000619c00000| Untracked 
|  99|0x000000061a000000, 0x000000061a000000, 0x000000061a400000|  0%| F|  |TAMS 0x000000061a000000, 0x000000061a000000| Untracked 
| 100|0x000000061a400000, 0x000000061a400000, 0x000000061a800000|  0%| F|  |TAMS 0x000000061a400000, 0x000000061a400000| Untracked 
| 101|0x000000061a800000, 0x000000061a800000, 0x000000061ac00000|  0%| F|  |TAMS 0x000000061a800000, 0x000000061a800000| Untracked 
| 102|0x000000061ac00000, 0x000000061ac00000, 0x000000061b000000|  0%| F|  |TAMS 0x000000061ac00000, 0x000000061ac00000| Untracked 
| 103|0x000000061b000000, 0x000000061b000000, 0x000000061b400000|  0%| F|  |TAMS 0x000000061b000000, 0x000000061b000000| Untracked 
| 104|0x000000061b400000, 0x000000061b400000, 0x000000061b800000|  0%| F|  |TAMS 0x000000061b400000, 0x000000061b400000| Untracked 
| 105|0x000000061b800000, 0x000000061b800000, 0x000000061bc00000|  0%| F|  |TAMS 0x000000061b800000, 0x000000061b800000| Untracked 
| 106|0x000000061bc00000, 0x000000061bc00000, 0x000000061c000000|  0%| F|  |TAMS 0x000000061bc00000, 0x000000061bc00000| Untracked 
| 107|0x000000061c000000, 0x000000061c000000, 0x000000061c400000|  0%| F|  |TAMS 0x000000061c000000, 0x000000061c000000| Untracked 
| 108|0x000000061c400000, 0x000000061c400000, 0x000000061c800000|  0%| F|  |TAMS 0x000000061c400000, 0x000000061c400000| Untracked 
| 109|0x000000061c800000, 0x000000061c800000, 0x000000061cc00000|  0%| F|  |TAMS 0x000000061c800000, 0x000000061c800000| Untracked 
| 110|0x000000061cc00000, 0x000000061cc00000, 0x000000061d000000|  0%| F|  |TAMS 0x000000061cc00000, 0x000000061cc00000| Untracked 
| 111|0x000000061d000000, 0x000000061d000000, 0x000000061d400000|  0%| F|  |TAMS 0x000000061d000000, 0x000000061d000000| Untracked 
| 112|0x000000061d400000, 0x000000061d400000, 0x000000061d800000|  0%| F|  |TAMS 0x000000061d400000, 0x000000061d400000| Untracked 
| 113|0x000000061d800000, 0x000000061d800000, 0x000000061dc00000|  0%| F|  |TAMS 0x000000061d800000, 0x000000061d800000| Untracked 
| 114|0x000000061dc00000, 0x000000061dc00000, 0x000000061e000000|  0%| F|  |TAMS 0x000000061dc00000, 0x000000061dc00000| Untracked 
| 115|0x000000061e000000, 0x000000061e000000, 0x000000061e400000|  0%| F|  |TAMS 0x000000061e000000, 0x000000061e000000| Untracked 
| 116|0x000000061e400000, 0x000000061e400000, 0x000000061e800000|  0%| F|  |TAMS 0x000000061e400000, 0x000000061e400000| Untracked 
| 117|0x000000061e800000, 0x000000061e800000, 0x000000061ec00000|  0%| F|  |TAMS 0x000000061e800000, 0x000000061e800000| Untracked 
| 118|0x000000061ec00000, 0x000000061ec00000, 0x000000061f000000|  0%| F|  |TAMS 0x000000061ec00000, 0x000000061ec00000| Untracked 
| 119|0x000000061f000000, 0x000000061f400000, 0x000000061f400000|100%| S|CS|TAMS 0x000000061f000000, 0x000000061f000000| Complete 
| 120|0x000000061f400000, 0x000000061f400000, 0x000000061f800000|  0%| F|  |TAMS 0x000000061f400000, 0x000000061f400000| Untracked 
| 121|0x000000061f800000, 0x000000061f800000, 0x000000061fc00000|  0%| F|  |TAMS 0x000000061f800000, 0x000000061f800000| Untracked 
| 122|0x000000061fc00000, 0x000000061fc00000, 0x0000000620000000|  0%| F|  |TAMS 0x000000061fc00000, 0x000000061fc00000| Untracked 
| 123|0x0000000620000000, 0x0000000620318d88, 0x0000000620400000| 77%| E|  |TAMS 0x0000000620000000, 0x0000000620000000| Complete 
| 124|0x0000000620400000, 0x0000000620800000, 0x0000000620800000|100%| E|CS|TAMS 0x0000000620400000, 0x0000000620400000| Complete 
| 125|0x0000000620800000, 0x0000000620c00000, 0x0000000620c00000|100%| E|CS|TAMS 0x0000000620800000, 0x0000000620800000| Complete 
| 126|0x0000000620c00000, 0x0000000621000000, 0x0000000621000000|100%| E|CS|TAMS 0x0000000620c00000, 0x0000000620c00000| Complete 
| 127|0x0000000621000000, 0x0000000621400000, 0x0000000621400000|100%| E|CS|TAMS 0x0000000621000000, 0x0000000621000000| Complete 

Card table byte_map: [0x000001b932640000,0x000001b933640000] _byte_map_base: 0x000001b92f636000

Marking Bits (Prev, Next): (CMBitMap*) 0x000001b9182d3750, (CMBitMap*) 0x000001b9182d3790
 Prev Bits: [0x000001b934640000, 0x000001b93c5f0000)
 Next Bits: [0x000001b93c5f0000, 0x000001b9445a0000)

Polling page: 0x000001b917fc0000

Metaspace:

Usage:
  Non-class:     12.82 MB used.
      Class:      1.55 MB used.
       Both:     14.37 MB used.

Virtual space:
  Non-class space:       64.00 MB reserved,      13.00 MB ( 20%) committed,  1 nodes.
      Class space:        1.00 GB reserved,       1.69 MB ( <1%) committed,  1 nodes.
             Both:        1.06 GB reserved,      14.69 MB (  1%) committed. 

Chunk freelists:
   Non-Class:  2.86 MB
       Class:  2.19 MB
        Both:  5.05 MB

MaxMetaspaceSize: unlimited
CompressedClassSpaceSize: 1.00 GB
Initial GC threshold: 21.00 MB
Current GC threshold: 21.00 MB
CDS: on
MetaspaceReclaimPolicy: balanced
 - commit_granule_bytes: 65536.
 - commit_granule_words: 8192.
 - virtual_space_node_default_size: 8388608.
 - enlarge_chunks_in_place: 1.
 - new_chunks_are_fully_committed: 0.
 - uncommit_free_chunks: 1.
 - use_allocation_guard: 0.


Internal statistics:

num_allocs_failed_limit: 0.
num_arena_births: 314.
num_arena_deaths: 0.
num_vsnodes_births: 2.
num_vsnodes_deaths: 0.
num_space_committed: 235.
num_space_uncommitted: 0.
num_chunks_returned_to_freelist: 0.
num_chunks_taken_from_freelist: 464.
num_chunk_merges: 0.
num_chunk_splits: 294.
num_chunks_enlarged: 181.
num_inconsistent_stats: 0.

CodeHeap 'non-profiled nmethods': size=120000Kb used=1302Kb max_used=1302Kb free=118697Kb
 bounds [0x000001b929490000, 0x000001b929700000, 0x000001b9309c0000]
CodeHeap 'profiled nmethods': size=120000Kb used=4811Kb max_used=4811Kb free=115188Kb
 bounds [0x000001b9219c0000, 0x000001b921e80000, 0x000001b928ef0000]
CodeHeap 'non-nmethods': size=5760Kb used=1471Kb max_used=1520Kb free=4288Kb
 bounds [0x000001b928ef0000, 0x000001b929160000, 0x000001b929490000]
 total_blobs=3313 nmethods=2567 adapters=656
 compilation: enabled
              stopped_count=0, restarted_count=0
 full_count=0

Compilation events (20 events):
Event: 2.676 Thread 0x000001b94480f4c0 nmethod 2559 0x000001b921e70590 code [0x000001b921e70740, 0x000001b921e70988]
Event: 2.676 Thread 0x000001b94480f4c0 2560       3       sun.awt.AWTAutoShutdown::notifyToolkitThreadBusy (8 bytes)
Event: 2.676 Thread 0x000001b94480f4c0 nmethod 2560 0x000001b921e70a90 code [0x000001b921e70c40, 0x000001b921e70dc8]
Event: 2.676 Thread 0x000001b94480e2c0 nmethod 2534 0x000001b9295d4310 code [0x000001b9295d44c0, 0x000001b9295d4bd8]
Event: 2.676 Thread 0x000001b94480e2c0 2521       4       java.awt.geom.Path2D$Iterator::next (35 bytes)
Event: 2.677 Thread 0x000001b94480e2c0 nmethod 2521 0x000001b9295d5190 code [0x000001b9295d5320, 0x000001b9295d5438]
Event: 2.677 Thread 0x000001b94480f4c0 2561       3       sun.font.FontDesignMetrics::getHeight (35 bytes)
Event: 2.678 Thread 0x000001b94480f4c0 nmethod 2561 0x000001b921e70e90 code [0x000001b921e71040, 0x000001b921e71258]
Event: 2.678 Thread 0x000001b94480f4c0 2562       3       sun.awt.AWTAutoShutdown::notifyToolkitThreadFree (8 bytes)
Event: 2.678 Thread 0x000001b94480f4c0 nmethod 2562 0x000001b921e71310 code [0x000001b921e714c0, 0x000001b921e71648]
Event: 2.680 Thread 0x000001b94480e2c0 2563       4       sun.font.FontDesignMetrics::getLatinCharWidth (29 bytes)
Event: 2.681 Thread 0x000001b94480e2c0 nmethod 2563 0x000001b9295d5590 code [0x000001b9295d5740, 0x000001b9295d5878]
Event: 2.682 Thread 0x000001b94480f4c0 2564       3       sun.java2d.SurfaceData::getTransparency (8 bytes)
Event: 2.682 Thread 0x000001b94480f4c0 nmethod 2564 0x000001b921e71710 code [0x000001b921e718c0, 0x000001b921e71aa8]
Event: 6.705 Thread 0x000001b94480f4c0 2565       3       java.util.ArrayList::toArray (57 bytes)
Event: 6.706 Thread 0x000001b94480f4c0 nmethod 2565 0x000001b921e71b90 code [0x000001b921e71d80, 0x000001b921e72318]
Event: 12.999 Thread 0x000001b94480f4c0 2566       3       sun.java2d.StateTrackableDelegate$1::isCurrent (17 bytes)
Event: 12.999 Thread 0x000001b94480f4c0 nmethod 2566 0x000001b921e72490 code [0x000001b921e72620, 0x000001b921e72798]
Event: 13.758 Thread 0x000001b94480f4c0 2567       3       sun.java2d.d3d.D3DSurfaceData$D3DWindowSurfaceData::isDirty (18 bytes)
Event: 13.758 Thread 0x000001b94480f4c0 nmethod 2567 0x000001b921e72910 code [0x000001b921e72ac0, 0x000001b921e72ce8]

GC Heap History (4 events):
Event: 0.888 GC heap before
{Heap before GC invocations=0 (full 0):
 garbage-first heap   total 524288K, used 24576K [0x0000000601400000, 0x0000000800000000)
  region size 4096K, 6 young (24576K), 0 survivors (0K)
 Metaspace       used 6635K, committed 6848K, reserved 1114112K
  class space    used 645K, committed 768K, reserved 1048576K
}
Event: 0.892 GC heap after
{Heap after GC invocations=1 (full 0):
 garbage-first heap   total 524288K, used 3624K [0x0000000601400000, 0x0000000800000000)
  region size 4096K, 1 young (4096K), 1 survivors (4096K)
 Metaspace       used 6635K, committed 6848K, reserved 1114112K
  class space    used 645K, committed 768K, reserved 1048576K
}
Event: 2.059 GC heap before
{Heap before GC invocations=1 (full 0):
 garbage-first heap   total 524288K, used 28200K [0x0000000601400000, 0x0000000800000000)
  region size 4096K, 8 young (32768K), 1 survivors (4096K)
 Metaspace       used 14465K, committed 14720K, reserved 1114112K
  class space    used 1583K, committed 1728K, reserved 1048576K
}
Event: 2.063 GC heap after
{Heap after GC invocations=2 (full 0):
 garbage-first heap   total 524288K, used 8774K [0x0000000601400000, 0x0000000800000000)
  region size 4096K, 1 young (4096K), 1 survivors (4096K)
 Metaspace       used 14465K, committed 14720K, reserved 1114112K
  class space    used 1583K, committed 1728K, reserved 1048576K
}

Dll operation events (18 events):
Event: 0.007 Loaded shared library C:\Users\AntekK\.jdks\openjdk-19.0.1\bin\java.dll
Event: 0.016 Loaded shared library C:\Users\AntekK\.jdks\openjdk-19.0.1\bin\jsvml.dll
Event: 0.070 Loaded shared library C:\Users\AntekK\.jdks\openjdk-19.0.1\bin\zip.dll
Event: 0.073 Loaded shared library C:\Users\AntekK\.jdks\openjdk-19.0.1\bin\instrument.dll
Event: 0.077 Loaded shared library C:\Users\AntekK\.jdks\openjdk-19.0.1\bin\net.dll
Event: 0.079 Loaded shared library C:\Users\AntekK\.jdks\openjdk-19.0.1\bin\nio.dll
Event: 0.082 Loaded shared library C:\Users\AntekK\.jdks\openjdk-19.0.1\bin\zip.dll
Event: 0.095 Loaded shared library C:\Program Files\JetBrains\IntelliJ IDEA 2022.1.2\bin\breakgen64.dll
Event: 0.103 Loaded shared library C:\Users\AntekK\.jdks\openjdk-19.0.1\bin\extnet.dll
Event: 0.106 Loaded shared library C:\Users\AntekK\.jdks\openjdk-19.0.1\bin\jimage.dll
Event: 0.124 Loaded shared library C:\Users\AntekK\.jdks\openjdk-19.0.1\bin\awt.dll
Event: 0.150 Loaded shared library C:\Users\AntekK\.jdks\openjdk-19.0.1\bin\prefs.dll
Event: 0.286 Loaded shared library C:\Users\AntekK\.jdks\openjdk-19.0.1\bin\freetype.dll
Event: 0.289 Loaded shared library C:\Users\AntekK\.jdks\openjdk-19.0.1\bin\fontmanager.dll
Event: 0.911 Loaded shared library C:\Users\AntekK\.jdks\openjdk-19.0.1\bin\jawt.dll
Event: 0.923 Loaded shared library C:\Users\AntekK\AppData\Local\Temp\flatlaf.temp\flatlaf-windows-x86_64-17712996393000.dll
Event: 1.119 Loaded shared library C:\Users\AntekK\.jdks\openjdk-19.0.1\bin\javajpeg.dll
Event: 8.086 Loaded shared library C:\Users\AntekK\AppData\Local\Temp\libasyncProfiler.dll

Deoptimization events (20 events):
Event: 2.451 Thread 0x000001b94e9b40e0 DEOPT PACKING pc=0x000001b921dc8f77 sp=0x000000aa76afc930
Event: 2.451 Thread 0x000001b94e9b40e0 DEOPT UNPACKING pc=0x000001b928f57543 sp=0x000000aa76afbcf8 mode 0
Event: 2.621 Thread 0x000001b94e9b40e0 Uncommon trap: trap_request=0xffffff45 fr.pc=0x000001b9295cb080 relative=0x00000000000021e0
Event: 2.621 Thread 0x000001b94e9b40e0 Uncommon trap: reason=unstable_if action=reinterpret pc=0x000001b9295cb080 method=sun.java2d.marlin.MarlinTileGenerator.getAlphaRLE([BII)V @ 561 c2
Event: 2.621 Thread 0x000001b94e9b40e0 DEOPT PACKING pc=0x000001b9295cb080 sp=0x000000aa76afc430
Event: 2.621 Thread 0x000001b94e9b40e0 DEOPT UNPACKING pc=0x000001b928f56da3 sp=0x000000aa76afc2d0 mode 2
Event: 2.621 Thread 0x000001b94e9b40e0 Uncommon trap: trap_request=0xffffff45 fr.pc=0x000001b9295a3668 relative=0x0000000000000a68
Event: 2.621 Thread 0x000001b94e9b40e0 Uncommon trap: reason=unstable_if action=reinterpret pc=0x000001b9295a3668 method=sun.java2d.marlin.MarlinTileGenerator.getAlphaRLE([BII)V @ 561 c2
Event: 2.621 Thread 0x000001b94e9b40e0 DEOPT PACKING pc=0x000001b9295a3668 sp=0x000000aa76afc400
Event: 2.621 Thread 0x000001b94e9b40e0 DEOPT UNPACKING pc=0x000001b928f56da3 sp=0x000000aa76afc2d0 mode 2
Event: 2.644 Thread 0x000001b94e9b40e0 DEOPT PACKING pc=0x000001b921e1ed0d sp=0x000000aa76afc5c0
Event: 2.644 Thread 0x000001b94e9b40e0 DEOPT UNPACKING pc=0x000001b928f57543 sp=0x000000aa76afba30 mode 0
Event: 2.663 Thread 0x000001b94e9b40e0 Uncommon trap: trap_request=0xffffff45 fr.pc=0x000001b9295c4594 relative=0x0000000000002534
Event: 2.663 Thread 0x000001b94e9b40e0 Uncommon trap: reason=unstable_if action=reinterpret pc=0x000001b9295c4594 method=sun.java2d.marlin.Renderer._endRendering(II)V @ 1943 c2
Event: 2.663 Thread 0x000001b94e9b40e0 DEOPT PACKING pc=0x000001b9295c4594 sp=0x000000aa76afca70
Event: 2.663 Thread 0x000001b94e9b40e0 DEOPT UNPACKING pc=0x000001b928f56da3 sp=0x000000aa76afc888 mode 2
Event: 2.663 Thread 0x000001b94e9b40e0 Uncommon trap: trap_request=0xffffff45 fr.pc=0x000001b9295938e8 relative=0x0000000000003dc8
Event: 2.663 Thread 0x000001b94e9b40e0 Uncommon trap: reason=unstable_if action=reinterpret pc=0x000001b9295938e8 method=sun.java2d.marlin.Renderer._endRendering(II)V @ 1943 c2
Event: 2.663 Thread 0x000001b94e9b40e0 DEOPT PACKING pc=0x000001b9295938e8 sp=0x000000aa76afca10
Event: 2.663 Thread 0x000001b94e9b40e0 DEOPT UNPACKING pc=0x000001b928f56da3 sp=0x000000aa76afc888 mode 2

Classes loaded (20 events):
Event: 2.215 Loading class javax/swing/event/AncestorEvent
Event: 2.215 Loading class javax/swing/event/AncestorEvent done
Event: 2.218 Loading class java/awt/DefaultKeyboardFocusManager$DefaultKeyboardFocusManagerSentEvent
Event: 2.218 Loading class java/awt/DefaultKeyboardFocusManager$DefaultKeyboardFocusManagerSentEvent done
Event: 2.218 Loading class sun/awt/WeakIdentityHashMap$WeakKey
Event: 2.218 Loading class sun/awt/WeakIdentityHashMap$WeakKey done
Event: 2.220 Loading class java/util/ArrayList$ListItr
Event: 2.220 Loading class java/util/ArrayList$ListItr done
Event: 2.221 Loading class java/awt/event/FocusEvent$Cause
Event: 2.221 Loading class java/awt/event/FocusEvent$Cause done
Event: 2.221 Loading class sun/awt/KeyboardFocusManagerPeerImpl$KfmAccessor
Event: 2.221 Loading class sun/awt/KeyboardFocusManagerPeerImpl$KfmAccessor done
Event: 2.221 Loading class java/awt/KeyboardFocusManager$HeavyweightFocusRequest
Event: 2.221 Loading class java/awt/KeyboardFocusManager$HeavyweightFocusRequest done
Event: 2.398 Loading class javax/swing/text/GapContent$RemoveUndo
Event: 2.398 Loading class javax/swing/text/GapContent$RemoveUndo done
Event: 2.399 Loading class javax/swing/text/GapContent$UndoPosRef
Event: 2.399 Loading class javax/swing/text/GapContent$UndoPosRef done
Event: 16.265 Loading class jdk/internal/misc/Signal$1
Event: 16.265 Loading class jdk/internal/misc/Signal$1 done

Classes unloaded (0 events):
No events

Classes redefined (0 events):
No events

Internal exceptions (20 events):
Event: 0.944 Thread 0x000001b94ee17d40 Exception <a 'java/lang/NoSuchMethodError'{0x00000006212672a8}: 'java.lang.Object java.lang.invoke.DirectMethodHandle$Holder.newInvokeSpecial(java.lang.Object, java.lang.Object, java.lang.Object, int, int, int, int, int)'> (0x00000006212672a8) 
thrown [s\open\src\hotspot\share\interpreter\linkResolver.cpp, line 774]
Event: 1.013 Thread 0x000001b94ee17d40 Exception <a 'java/io/FileNotFoundException'{0x0000000620d021b0}> (0x0000000620d021b0) 
thrown [s\open\src\hotspot\share\prims\jni.cpp, line 517]
Event: 1.013 Thread 0x000001b94ee17d40 Exception <a 'java/io/FileNotFoundException'{0x0000000620d025d8}> (0x0000000620d025d8) 
thrown [s\open\src\hotspot\share\prims\jni.cpp, line 517]
Event: 1.016 Thread 0x000001b94ee17d40 Exception <a 'java/io/FileNotFoundException'{0x0000000620d02a00}> (0x0000000620d02a00) 
thrown [s\open\src\hotspot\share\prims\jni.cpp, line 517]
Event: 1.023 Thread 0x000001b94ee17d40 Exception <a 'java/io/FileNotFoundException'{0x0000000620d02e00}> (0x0000000620d02e00) 
thrown [s\open\src\hotspot\share\prims\jni.cpp, line 517]
Event: 1.024 Thread 0x000001b94ee17d40 Exception <a 'java/io/FileNotFoundException'{0x0000000620d03228}> (0x0000000620d03228) 
thrown [s\open\src\hotspot\share\prims\jni.cpp, line 517]
Event: 1.024 Thread 0x000001b94ee17d40 Exception <a 'java/io/FileNotFoundException'{0x0000000620d03628}> (0x0000000620d03628) 
thrown [s\open\src\hotspot\share\prims\jni.cpp, line 517]
Event: 1.025 Thread 0x000001b94ee17d40 Exception <a 'java/io/FileNotFoundException'{0x0000000620d03a28}> (0x0000000620d03a28) 
thrown [s\open\src\hotspot\share\prims\jni.cpp, line 517]
Event: 1.027 Thread 0x000001b94ee17d40 Exception <a 'java/io/FileNotFoundException'{0x0000000620d03e50}> (0x0000000620d03e50) 
thrown [s\open\src\hotspot\share\prims\jni.cpp, line 517]
Event: 1.028 Thread 0x000001b94ee17d40 Exception <a 'java/io/FileNotFoundException'{0x0000000620d04278}> (0x0000000620d04278) 
thrown [s\open\src\hotspot\share\prims\jni.cpp, line 517]
Event: 1.029 Thread 0x000001b94ee17d40 Exception <a 'java/io/FileNotFoundException'{0x0000000620d046a0}> (0x0000000620d046a0) 
thrown [s\open\src\hotspot\share\prims\jni.cpp, line 517]
Event: 1.032 Thread 0x000001b94ee17d40 Exception <a 'java/io/FileNotFoundException'{0x0000000620d04ac8}> (0x0000000620d04ac8) 
thrown [s\open\src\hotspot\share\prims\jni.cpp, line 517]
Event: 1.105 Thread 0x000001b94e9b40e0 Exception <a 'java/lang/NoSuchMethodError'{0x0000000620f99f18}: 'java.lang.Object java.lang.invoke.DirectMethodHandle$Holder.newInvokeSpecial(java.lang.Object, java.lang.Object, java.lang.Object, java.lang.Object, java.lang.Object, java.lang.Object)'> (0x0000000620f99f18) 
thrown [s\open\src\hotspot\share\interpreter\linkResolver.cpp, line 774]
Event: 1.113 Thread 0x000001b918263430 Exception <a 'java/lang/NoSuchMethodError'{0x0000000620fe0670}: 'int java.lang.invoke.DirectMethodHandle$Holder.invokeSpecial(java.lang.Object, java.lang.Object, java.lang.Object)'> (0x0000000620fe0670) 
thrown [s\open\src\hotspot\share\interpreter\linkResolver.cpp, line 774]
Event: 1.113 Thread 0x000001b94e9b40e0 Exception <a 'java/lang/NoSuchMethodError'{0x0000000620faffd0}: 'int java.lang.invoke.DirectMethodHandle$Holder.invokeSpecial(java.lang.Object, java.lang.Object, java.lang.Object)'> (0x0000000620faffd0) 
thrown [s\open\src\hotspot\share\interpreter\linkResolver.cpp, line 774]
Event: 1.533 Thread 0x000001b94ee16800 Exception <a 'java/lang/NoSuchMethodError'{0x0000000620258880}: 'void java.lang.invoke.DirectMethodHandle$Holder.invokeStaticInit(java.lang.Object)'> (0x0000000620258880) 
thrown [s\open\src\hotspot\share\interpreter\linkResolver.cpp, line 774]
Event: 1.686 Thread 0x000001b94e9b40e0 Exception <a 'java/lang/NoSuchMethodError'{0x00000006201d16c8}: 'void java.lang.invoke.DirectMethodHandle$Holder.invokeVirtual(java.lang.Object, java.lang.Object, java.lang.Object, int, int, int, int, double)'> (0x00000006201d16c8) 
thrown [s\open\src\hotspot\share\interpreter\linkResolver.cpp, line 774]
Event: 2.009 Thread 0x000001b94ee17d40 Exception <a 'java/io/FileNotFoundException'{0x0000000620bb7d30}> (0x0000000620bb7d30) 
thrown [s\open\src\hotspot\share\prims\jni.cpp, line 517]
Event: 2.210 Thread 0x000001b94ee17d40 Exception <a 'java/io/FileNotFoundException'{0x0000000620e266c8}> (0x0000000620e266c8) 
thrown [s\open\src\hotspot\share\prims\jni.cpp, line 517]
Event: 8.090 Thread 0x000001b944807d90 Exception <a 'java/lang/IllegalArgumentException'{0x00000006202404a8}: Unknown argument 'foldmultilines' in diagnostic command.> (0x00000006202404a8) 
thrown [s\open\src\hotspot\share\services\diagnosticFramework.cpp, line 215]

VM Operations (20 events):
Event: 1.044 Executing VM operation: HandshakeAllThreads
Event: 1.044 Executing VM operation: HandshakeAllThreads done
Event: 1.117 Executing VM operation: HandshakeAllThreads
Event: 1.117 Executing VM operation: HandshakeAllThreads done
Event: 1.172 Executing VM operation: HandshakeAllThreads
Event: 1.172 Executing VM operation: HandshakeAllThreads done
Event: 1.440 Executing VM operation: ICBufferFull
Event: 1.440 Executing VM operation: ICBufferFull done
Event: 1.440 Executing VM operation: ICBufferFull
Event: 1.440 Executing VM operation: ICBufferFull done
Event: 1.514 Executing VM operation: HandshakeAllThreads
Event: 1.514 Executing VM operation: HandshakeAllThreads done
Event: 1.542 Executing VM operation: HandshakeAllThreads
Event: 1.542 Executing VM operation: HandshakeAllThreads done
Event: 2.058 Executing VM operation: G1CollectForAllocation
Event: 2.063 Executing VM operation: G1CollectForAllocation done
Event: 2.220 Executing VM operation: HandshakeAllThreads
Event: 2.220 Executing VM operation: HandshakeAllThreads done
Event: 3.233 Executing VM operation: Cleanup
Event: 3.233 Executing VM operation: Cleanup done

Events (20 events):
Event: 0.175 Thread 0x000001b9476fbf60 Thread added: 0x000001b9476fbf60
Event: 0.253 Thread 0x000001b94b9fc110 Thread added: 0x000001b94b9fc110
Event: 0.658 Thread 0x000001b94ee8fcd0 Thread added: 0x000001b94ee8fcd0
Event: 0.670 Thread 0x000001b94e9b40e0 Thread added: 0x000001b94e9b40e0
Event: 0.829 Thread 0x000001b94ee8fcd0 Thread exited: 0x000001b94ee8fcd0
Event: 0.829 Thread 0x000001b94b9fc110 Thread exited: 0x000001b94b9fc110
Event: 0.941 Thread 0x000001b94ee17d40 Thread added: 0x000001b94ee17d40
Event: 0.997 Thread 0x000001b94f416530 Thread added: 0x000001b94f416530
Event: 0.997 Thread 0x000001b94f33d170 Thread added: 0x000001b94f33d170
Event: 1.103 Thread 0x000001b94ee18290 Thread added: 0x000001b94ee18290
Event: 1.498 Thread 0x000001b94ee16800 Thread added: 0x000001b94ee16800
Event: 1.498 Thread 0x000001b94ee172a0 Thread added: 0x000001b94ee172a0
Event: 1.499 Thread 0x000001b918263430 Thread exited: 0x000001b918263430
Event: 1.499 Thread 0x000001b94ee187e0 Thread added: 0x000001b94ee187e0
Event: 1.677 Thread 0x000001b94ee19280 Thread added: 0x000001b94ee19280
Event: 1.730 Thread 0x000001b94f33d170 Thread exited: 0x000001b94f33d170
Event: 2.206 Thread 0x000001b9562eaae0 Thread added: 0x000001b9562eaae0
Event: 2.629 Thread 0x000001b94f416530 Thread exited: 0x000001b94f416530
Event: 2.629 Thread 0x000001b9562eaae0 Thread exited: 0x000001b9562eaae0
Event: 7.217 Thread 0x000001b94ee17d40 Thread exited: 0x000001b94ee17d40


Dynamic libraries:
0x00007ff7c4060000 - 0x00007ff7c406e000 	C:\Users\AntekK\.jdks\openjdk-19.0.1\bin\java.exe
0x00007ffac1630000 - 0x00007ffac1828000 	C:\Windows\SYSTEM32\ntdll.dll
0x00007ffabf8f0000 - 0x00007ffabf9af000 	C:\Windows\System32\KERNEL32.DLL
0x00007ffabef60000 - 0x00007ffabf232000 	C:\Windows\System32\KERNELBASE.dll
0x00007ffab5910000 - 0x00007ffab59a0000 	C:\Windows\SYSTEM32\apphelp.dll
0x00007ffabf350000 - 0x00007ffabf450000 	C:\Windows\System32\ucrtbase.dll
0x00007ffaa65c0000 - 0x00007ffaa65d7000 	C:\Users\AntekK\.jdks\openjdk-19.0.1\bin\jli.dll
0x00007ffaa1da0000 - 0x00007ffaa1dbb000 	C:\Users\AntekK\.jdks\openjdk-19.0.1\bin\VCRUNTIME140.dll
0x00007ffac0ac0000 - 0x00007ffac0c61000 	C:\Windows\System32\USER32.dll
0x00007ffabf450000 - 0x00007ffabf472000 	C:\Windows\System32\win32u.dll
0x00007ffaa8b40000 - 0x00007ffaa8dda000 	C:\Windows\WinSxS\amd64_microsoft.windows.common-controls_6595b64144ccf1df_6.0.19041.1110_none_60b5254171f9507e\COMCTL32.dll
0x00007ffabf730000 - 0x00007ffabf75b000 	C:\Windows\System32\GDI32.dll
0x00007ffac0da0000 - 0x00007ffac0e3e000 	C:\Windows\System32\msvcrt.dll
0x00007ffabf240000 - 0x00007ffabf34f000 	C:\Windows\System32\gdi32full.dll
0x00007ffabf480000 - 0x00007ffabf51d000 	C:\Windows\System32\msvcp_win.dll
0x00007ffac13f0000 - 0x00007ffac1420000 	C:\Windows\System32\IMM32.DLL
0x00007ffaa6350000 - 0x00007ffaa635c000 	C:\Users\AntekK\.jdks\openjdk-19.0.1\bin\vcruntime140_1.dll
0x00007ffa900d0000 - 0x00007ffa9015e000 	C:\Users\AntekK\.jdks\openjdk-19.0.1\bin\msvcp140.dll
0x00007ffa021d0000 - 0x00007ffa02e90000 	C:\Users\AntekK\.jdks\openjdk-19.0.1\bin\server\jvm.dll
0x00007ffabf9b0000 - 0x00007ffabfa5e000 	C:\Windows\System32\ADVAPI32.dll
0x00007ffac1420000 - 0x00007ffac14bc000 	C:\Windows\System32\sechost.dll
0x00007ffac0e40000 - 0x00007ffac0f64000 	C:\Windows\System32\RPCRT4.dll
0x00007ffaa1740000 - 0x00007ffaa1749000 	C:\Windows\SYSTEM32\WSOCK32.dll
0x00007ffab2ac0000 - 0x00007ffab2ae7000 	C:\Windows\SYSTEM32\WINMM.dll
0x00007ffac0830000 - 0x00007ffac089b000 	C:\Windows\System32\WS2_32.dll
0x00007ffabb650000 - 0x00007ffabb65a000 	C:\Windows\SYSTEM32\VERSION.dll
0x00007ffabd560000 - 0x00007ffabd572000 	C:\Windows\SYSTEM32\kernel.appcore.dll
0x00007ffaa5880000 - 0x00007ffaa588a000 	C:\Users\AntekK\.jdks\openjdk-19.0.1\bin\jimage.dll
0x00007ffaaeda0000 - 0x00007ffaaef84000 	C:\Windows\SYSTEM32\DBGHELP.DLL
0x00007ffa8d950000 - 0x00007ffa8d985000 	C:\Windows\SYSTEM32\dbgcore.DLL
0x00007ffabeed0000 - 0x00007ffabef52000 	C:\Windows\System32\bcryptPrimitives.dll
0x00007ffaa4cf0000 - 0x00007ffaa4cfe000 	C:\Users\AntekK\.jdks\openjdk-19.0.1\bin\instrument.dll
0x00007ffa9cac0000 - 0x00007ffa9cae6000 	C:\Users\AntekK\.jdks\openjdk-19.0.1\bin\java.dll
0x00007ffa8fb80000 - 0x00007ffa8fc57000 	C:\Users\AntekK\.jdks\openjdk-19.0.1\bin\jsvml.dll
0x00007ffabfa60000 - 0x00007ffac01a5000 	C:\Windows\System32\SHELL32.dll
0x00007ffabcd20000 - 0x00007ffabd4b2000 	C:\Windows\SYSTEM32\windows.storage.dll
0x00007ffac1090000 - 0x00007ffac13e5000 	C:\Windows\System32\combase.dll
0x00007ffabe6b0000 - 0x00007ffabe6e0000 	C:\Windows\SYSTEM32\Wldp.dll
0x00007ffabf680000 - 0x00007ffabf72d000 	C:\Windows\System32\SHCORE.dll
0x00007ffac02d0000 - 0x00007ffac0325000 	C:\Windows\System32\shlwapi.dll
0x00007ffabec70000 - 0x00007ffabec8f000 	C:\Windows\SYSTEM32\profapi.dll
0x00007ffa9c700000 - 0x00007ffa9c718000 	C:\Users\AntekK\.jdks\openjdk-19.0.1\bin\zip.dll
0x00007ffa9caa0000 - 0x00007ffa9cab3000 	C:\Users\AntekK\.jdks\openjdk-19.0.1\bin\net.dll
0x00007ffab89f0000 - 0x00007ffab8afa000 	C:\Windows\SYSTEM32\WINHTTP.dll
0x00007ffabe490000 - 0x00007ffabe4fa000 	C:\Windows\system32\mswsock.dll
0x00007ffa9ca80000 - 0x00007ffa9ca96000 	C:\Users\AntekK\.jdks\openjdk-19.0.1\bin\nio.dll
0x00007ffa9c6e0000 - 0x00007ffa9c6fa000 	C:\Program Files\JetBrains\IntelliJ IDEA 2022.1.2\bin\breakgen64.dll
0x00007ffaa17b0000 - 0x00007ffaa17b8000 	C:\Users\AntekK\.jdks\openjdk-19.0.1\bin\extnet.dll
0x00007ffa84820000 - 0x00007ffa849b0000 	C:\Users\AntekK\.jdks\openjdk-19.0.1\bin\awt.dll
0x00007ffac14c0000 - 0x00007ffac158d000 	C:\Windows\System32\OLEAUT32.dll
0x00007ffa9c6c0000 - 0x00007ffa9c6c9000 	C:\Users\AntekK\.jdks\openjdk-19.0.1\bin\prefs.dll
0x00007ffabc300000 - 0x00007ffabc39e000 	C:\Windows\system32\uxtheme.dll
0x00007ffac0f70000 - 0x00007ffac1084000 	C:\Windows\System32\MSCTF.dll
0x00007ffac0c70000 - 0x00007ffac0d9a000 	C:\Windows\System32\ole32.dll
0x00007ffabc590000 - 0x00007ffabc5bf000 	C:\Windows\system32\DWMAPI.DLL
0x00007ffa8da50000 - 0x00007ffa8dad6000 	C:\Users\AntekK\.jdks\openjdk-19.0.1\bin\freetype.dll
0x00007ffa84750000 - 0x00007ffa84815000 	C:\Users\AntekK\.jdks\openjdk-19.0.1\bin\fontmanager.dll
0x00007ffa89d90000 - 0x00007ffa89eb5000 	C:\Windows\system32\opengl32.dll
0x00007ffaa5b90000 - 0x00007ffaa5bbc000 	C:\Windows\SYSTEM32\GLU32.dll
0x00007ffa248b0000 - 0x00007ffa24a7e000 	C:\Windows\system32\d3d9.dll
0x00007ffaaece0000 - 0x00007ffaaed9d000 	C:\Windows\System32\DriverStore\FileRepository\nvmdi.inf_amd64_5a1db089dddab6b2\nvldumdx.dll
0x00007ffabe920000 - 0x00007ffabe932000 	C:\Windows\SYSTEM32\msasn1.dll
0x00007ffabb080000 - 0x00007ffabb0b1000 	C:\Windows\SYSTEM32\cryptnet.dll
0x00007ffabf520000 - 0x00007ffabf676000 	C:\Windows\System32\CRYPT32.dll
0x00007ffababf0000 - 0x00007ffabad38000 	C:\Windows\SYSTEM32\drvstore.dll
0x00007ffabeae0000 - 0x00007ffabeb0c000 	C:\Windows\SYSTEM32\devobj.dll
0x00007ffabedd0000 - 0x00007ffabee1e000 	C:\Windows\System32\cfgmgr32.dll
0x00007ffabe620000 - 0x00007ffabe62c000 	C:\Windows\SYSTEM32\cryptbase.dll
0x00007ffabed30000 - 0x00007ffabed99000 	C:\Windows\System32\WINTRUST.DLL
0x00007ffac0810000 - 0x00007ffac082d000 	C:\Windows\System32\imagehlp.dll
0x00007ffabe6f0000 - 0x00007ffabe708000 	C:\Windows\SYSTEM32\CRYPTSP.dll
0x00007ffabdd60000 - 0x00007ffabdd94000 	C:\Windows\system32\rsaenh.dll
0x00007ffabeda0000 - 0x00007ffabedc7000 	C:\Windows\System32\bcrypt.dll
0x00007ffa1b140000 - 0x00007ffa1e036000 	C:\Windows\System32\DriverStore\FileRepository\nvmdi.inf_amd64_5a1db089dddab6b2\nvd3dumx.dll
0x00007ffa19170000 - 0x00007ffa19441000 	C:\Windows\system32\nvspcap64.dll
0x00007ffabde80000 - 0x00007ffabdeb3000 	C:\Windows\SYSTEM32\ntmarta.dll
0x00007ffabd580000 - 0x00007ffabd5a3000 	C:\Windows\SYSTEM32\gpapi.dll
0x00007ffabaf20000 - 0x00007ffabaf5b000 	C:\Windows\SYSTEM32\dxcore.dll
0x00007ffa94230000 - 0x00007ffa94237000 	C:\Users\AntekK\.jdks\openjdk-19.0.1\bin\jawt.dll
0x00007ffa94220000 - 0x00007ffa94226000 	C:\Users\AntekK\AppData\Local\Temp\flatlaf.temp\flatlaf-windows-x86_64-17712996393000.dll
0x00007ffa941f0000 - 0x00007ffa9421e000 	C:\Users\AntekK\.jdks\openjdk-19.0.1\bin\javajpeg.dll
0x00007ffabf840000 - 0x00007ffabf8e9000 	C:\Windows\System32\clbcatq.dll
0x00007ffabc030000 - 0x00007ffabc1e4000 	C:\Windows\SYSTEM32\WindowsCodecs.dll
0x00007ffa824e0000 - 0x00007ffa8251e000 	C:\Windows\system32\dataexchange.dll
0x00007ffab4de0000 - 0x00007ffab4fc3000 	C:\Windows\system32\dcomp.dll
0x00007ffabb850000 - 0x00007ffabbab3000 	C:\Windows\system32\d3d11.dll
0x00007ffabd5b0000 - 0x00007ffabd6a3000 	C:\Windows\system32\dxgi.dll
0x00007ffab8ef0000 - 0x00007ffab90f0000 	C:\Windows\system32\twinapi.appcore.dll
0x00007ffab3580000 - 0x00007ffab3679000 	C:\Windows\SYSTEM32\textinputframework.dll
0x00007ffab4fd0000 - 0x00007ffab50c2000 	C:\Windows\System32\CoreMessaging.dll
0x00007ffab4060000 - 0x00007ffab43be000 	C:\Windows\System32\CoreUIComponents.dll
0x00007ffaba680000 - 0x00007ffaba7d4000 	C:\Windows\SYSTEM32\wintypes.dll

dbghelp: loaded successfully - version: 4.0.5 - missing functions: none
symbol engine: initialized successfully - sym options: 0x614 - pdb path: .;C:\Users\AntekK\.jdks\openjdk-19.0.1\bin;C:\Windows\SYSTEM32;C:\Windows\WinSxS\amd64_microsoft.windows.common-controls_6595b64144ccf1df_6.0.19041.1110_none_60b5254171f9507e;C:\Users\AntekK\.jdks\openjdk-19.0.1\bin\server;C:\Program Files\JetBrains\IntelliJ IDEA 2022.1.2\bin;C:\Windows\System32\DriverStore\FileRepository\nvmdi.inf_amd64_5a1db089dddab6b2;C:\Users\AntekK\AppData\Local\Temp\flatlaf.temp;C:\Users\AntekK\AppData\Local\Temp

VM Arguments:
jvm_args: -javaagent:C:\Program Files\JetBrains\IntelliJ IDEA 2022.1.2\lib\idea_rt.jar=51370:C:\Program Files\JetBrains\IntelliJ IDEA 2022.1.2\bin -Dfile.encoding=UTF-8 
java_command: Gui.Frame
java_class_path (initial): C:\Users\AntekK\IdeaProjects\Minecraft_Server_Launcher_2\out\production\Minecraft_Server_Launcher_2;C:\Users\AntekK\IdeaProjects\Minecraft_Server_Launcher_2\flatlaf-3.0.jar;C:\Users\AntekK\IdeaProjects\Minecraft_Server_Launcher_2\json-20220924.jar;C:\Users\AntekK\IdeaProjects\Minecraft_Server_Launcher_2\flatlaf-intellij-themes-3.0.jar;C:\Users\AntekK\IdeaProjects\Minecraft_Server_Launcher_2\commons-io-2.11.0.jar;C:\Users\AntekK\IdeaProjects\Minecraft_Server_Launcher_2\nbt-1.5.1.jar
Launcher Type: SUN_STANDARD

[Global flags]
     intx CICompilerCount                          = 4                                         {product} {ergonomic}
     uint ConcGCThreads                            = 3                                         {product} {ergonomic}
     uint G1ConcRefinementThreads                  = 10                                        {product} {ergonomic}
   size_t G1HeapRegionSize                         = 4194304                                   {product} {ergonomic}
    uintx GCDrainStackTargetSize                   = 64                                        {product} {ergonomic}
   size_t InitialHeapSize                          = 536870912                                 {product} {ergonomic}
   size_t MarkStackSize                            = 4194304                                   {product} {ergonomic}
   size_t MaxHeapSize                              = 8568963072                                {product} {ergonomic}
   size_t MaxNewSize                               = 5138022400                                {product} {ergonomic}
   size_t MinHeapDeltaBytes                        = 4194304                                   {product} {ergonomic}
   size_t MinHeapSize                              = 8388608                                   {product} {ergonomic}
    uintx NonNMethodCodeHeapSize                   = 5839372                                {pd product} {ergonomic}
    uintx NonProfiledCodeHeapSize                  = 122909434                              {pd product} {ergonomic}
    uintx ProfiledCodeHeapSize                     = 122909434                              {pd product} {ergonomic}
    uintx ReservedCodeCacheSize                    = 251658240                              {pd product} {ergonomic}
     bool SegmentedCodeCache                       = true                                      {product} {ergonomic}
   size_t SoftMaxHeapSize                          = 8568963072                             {manageable} {ergonomic}
     bool UseCompressedClassPointers               = true                           {product lp64_product} {ergonomic}
     bool UseCompressedOops                        = true                           {product lp64_product} {ergonomic}
     bool UseG1GC                                  = true                                      {product} {ergonomic}
     bool UseLargePagesIndividualAllocation        = false                                  {pd product} {ergonomic}

Logging:
Log output configuration:
 #0: stdout all=warning uptime,level,tags foldmultilines=false
 #1: stderr all=off uptime,level,tags foldmultilines=false

Environment Variables:
PATH=C:\Program Files\Eclipse Adoptium\jdk-19.0.2.7-hotspot\bin;C:\Program Files (x86)\Razer Chroma SDK\bin;C:\Program Files\Razer Chroma SDK\bin;C:\Program Files (x86)\Razer\ChromaBroadcast\bin;C:\Program Files\Razer\ChromaBroadcast\bin;C:\Program Files (x86)\VMware\VMware Workstation\bin\;C:\Program Files\Oculus\Support\oculus-runtime;C:\Program Files\Eclipse Adoptium\jdk-17.0.1.12-hotspot\bin;C:\Program Files (x86)\Common Files\Intel\Shared Libraries\redist\intel64\compiler;C:\Program Files\NVIDIA GPU Computing Toolkit\CUDA\v11.3\bin;C:\Program Files\NVIDIA GPU Computing Toolkit\CUDA\v11.3\libnvvp;C:\Program Files\AdoptOpenJDK\jdk-16.0.0.36-openj9\bin;C:\Program Files\AdoptOpenJDK\jdk-16.0.0.36-openj9\bin;C:\Windows\system32;C:\Windows;C:\Windows\System32\Wbem;C:\Windows\System32\WindowsPowerShell\v1.0\;C:\Windows\System32\OpenSSH\;C:\Program Files\NVIDIA Corporation\NVIDIA NvDLISR;C:\Program Files\NVIDIA Corporation\Nsight Compute 2021.1.1;C:\Program Files\dotnet\;C:\Program Files\Git\cmd;C:\Program Files (x86)\FFAIO\bin;C:\Program Files (x86)\NetSarang\Xshell 7\;C:\Program Files\PuTTY\;C:\Program Files\WireGuard\;C:\Users\AntekK\AppData\Local\Programs\Python\Python310\Scripts\;C:\Users\AntekK\AppData\Local\Programs\Python\Python310\;C:\Users\AntekK\AppData\Local\Microsoft\WindowsApps;C:\FfMpeg\bin;C:\Program Files\AdoptOpenJDK\jdk-8.0.282.8-openj9\bin;C:\Users\AntekK\AppData\Local\Programs\Microsoft VS Code\bin;C:\msys64\mingw64\bin;C:\platform-tools;C:\Windows\system32\config\systemprofile\AppData\Local\Microsoft\WindowsApps;C:\Program Files\nodejs\;C:\Program Files (x86)\NVIDIA Corporation\PhysX\Common;C:\Users\AntekK\AppData\Local\Programs\Python\Python310\Scripts\;C:\Users\AntekK\AppData\Local\Programs\Python\Python310\;C:\Users\AntekK\AppData\Local\Microsoft\WindowsApps;C:\FfMpeg\bin;C:\Program Files\AdoptOpenJDK\jdk-8.0.282.8-openj9\bin;C:\Users\AntekK\AppData\Local\Programs\Microsoft VS Code\bin;C:\msys64\mingw64\bin;C:\platform-tools;C:\Users\AntekK\AppData\Roaming\npm;C:\apache-maven-3.9.1\bin;
USERNAME=AntekK
OS=Windows_NT
PROCESSOR_IDENTIFIER=AMD64 Family 23 Model 113 Stepping 0, AuthenticAMD
TMP=C:\Users\AntekK\AppData\Local\Temp
TEMP=C:\Users\AntekK\AppData\Local\Temp



---------------  S Y S T E M  ---------------

OS:
 Windows 10 , 64 bit Build 19041 (10.0.19041.2546)
OS uptime: 0 days 0:29 hours
Hyper-V role detected

CPU: total 12 (initial active 12) (12 cores per cpu, 2 threads per core) family 23 model 113 stepping 0 microcode 0x0, cx8, cmov, fxsr, ht, mmx, 3dnowpref, sse, sse2, sse3, ssse3, sse4a, sse4.1, sse4.2, popcnt, lzcnt, tsc, tscinvbit, avx, avx2, aes, clmul, bmi1, bmi2, adx, sha, fma, vzeroupper, clflush, clflushopt, hv, rdtscp, rdpid

Memory: 4k page, system-wide physical 32677M (10514M free)
TotalPageFile size 44826M (AvailPageFile size 4717M)
current process WorkingSet (physical memory assigned to process): 142M, peak: 168M
current process commit charge ("private bytes"): 714M, peak: 723M

vm_info: OpenJDK 64-Bit Server VM (19.0.1+10-21) for windows-amd64 JRE (19.0.1+10-21), built on 2022-09-14T12:45:06Z by "mach5one" with MS VC++ 17.1 (VS2022)

END.
