#
# A fatal error has been detected by the Java Runtime Environment:
#
#  EXCEPTION_ACCESS_VIOLATION (0xc0000005) at pc=0x00007ffa8d02222f, pid=24020, tid=23424
#
# JRE version: OpenJDK Runtime Environment (19.0.1+10) (build 19.0.1+10-21)
# Java VM: OpenJDK 64-Bit Server VM (19.0.1+10-21, mixed mode, sharing, tiered, compressed oops, compressed class ptrs, g1 gc, windows-amd64)
# Problematic frame:
# C  0x00007ffa8d02222f
#
# No core dump will be written. Minidumps are not enabled by default on client versions of Windows
#
# If you would like to submit a bug report, please visit:
#   https://bugreport.java.com/bugreport/crash.jsp
# The crash happened outside the Java Virtual Machine in native code.
# See problematic frame for where to report the bug.
#

---------------  S U M M A R Y ------------

Command Line: -javaagent:C:\Program Files\JetBrains\IntelliJ IDEA 2022.1.2\lib\idea_rt.jar=56464:C:\Program Files\JetBrains\IntelliJ IDEA 2022.1.2\bin -Dfile.encoding=UTF-8 Gui.Frame

Host: AMD Ryzen 5 3600 6-Core Processor              , 12 cores, 31G,  Windows 10 , 64 bit Build 19041 (10.0.19041.2546)
Time: Tue Mar 28 22:23:02 2023 Central European Daylight Time elapsed time: 10.551557 seconds (0d 0h 0m 10s)

---------------  T H R E A D  ---------------

Current thread (0x0000020a7f2ee330):  JavaThread "Signal Dispatcher" daemon [_thread_in_native, id=23424, stack(0x000000c328a00000,0x000000c328b00000)]

Stack: [0x000000c328a00000,0x000000c328b00000],  sp=0x000000c328afea78,  free space=1018k
Native frames: (J=compiled Java code, j=interpreted, Vv=VM code, C=native code)
C  0x00007ffa8d02222f

Java frames: (J=compiled Java code, j=interpreted, Vv=VM code)
j  jdk.internal.misc.Signal.dispatch(I)V+25 java.base@19.0.1
v  ~StubRoutines::call_stub 0x0000020a0753100e

siginfo: EXCEPTION_ACCESS_VIOLATION (0xc0000005), data execution prevention violation at address 0x00007ffa8d02222f


Registers:
RAX=0x00007ffa8d02222f, RBX=0x0000020a7f2ee330, RCX=0x0000020a2a392540, RDX=0x0000020a7f2ee610
RSP=0x000000c328afea78, RBP=0x0000000000000000, RSI=0x0000020a310b60c0, RDI=0x0000020a26e0a778
R8 =0x0000020a26e0a770, R9 =0x0000020a26e0a778, R10=0x00007ffaae720000, R11=0x00007ffaae721b74
R12=0x00000000c5775d31, R13=0x0000020a2a392540, R14=0x00000008011d7f38, R15=0x0000020a26e0a770
RIP=0x00007ffa8d02222f, EFLAGS=0x0000000000010202


Register to memory mapping:

RIP=0x00007ffa8d02222f is an unknown value
RAX=0x00007ffa8d02222f is an unknown value
RBX=0x0000020a7f2ee330 is a thread
RCX=0x0000020a2a392540 points into unknown readable memory: 0x00007ffa11718ff0 | f0 8f 71 11 fa 7f 00 00
RDX=0x0000020a7f2ee610 points into unknown readable memory: 0x00007ffa1170f9a0 | a0 f9 70 11 fa 7f 00 00
RSP=0x000000c328afea78 is pointing into the stack for thread: 0x0000020a7f2ee330
RBP=0x0 is NULL
RSI=0x0000020a310b60c0 points into unknown readable memory: 0x0000020a2a34d0f0 | f0 d0 34 2a 0a 02 00 00
RDI=0x0000020a26e0a778 points into unknown readable memory: 0x00000006213369b0 | b0 69 33 21 06 00 00 00
R8 =0x0000020a26e0a770 points into unknown readable memory: 0x0000000601409348 | 48 93 40 01 06 00 00 00
R9 =0x0000020a26e0a778 points into unknown readable memory: 0x00000006213369b0 | b0 69 33 21 06 00 00 00
R10=0x00007ffaae720000 VCRUNTIME140.dll
R11=0x00007ffaae721b74 VCRUNTIME140.dll
R12=0x00000000c5775d31 is an unknown value
R13=0x0000020a2a392540 points into unknown readable memory: 0x00007ffa11718ff0 | f0 8f 71 11 fa 7f 00 00
R14=0x00000008011d7f38 is a pointer to class: 
jdk.internal.misc.Signal$1 {0x00000008011d7f40}
 - instance size:     3
 - klass size:        67
 - access:            synchronized 
 - state:             loaded
 - name:              'jdk/internal/misc/Signal$1'
 - super:             'java/lang/Object'
 - sub:               
 - arrays:            NULL
 - methods:           Array<T>(0x0000020a22ca84e0)
 - method ordering:   Array<T>(0x0000000800afd490)
 - default_methods:   Array<T>(0x0000000000000000)
 - local interfaces:  Array<T>(0x0000020a22ca84b0)
 - trans. interfaces: Array<T>(0x0000020a22ca84b0)
 - constants:         constant pool [44] {0x0000020a22ca82e0} for 'jdk/internal/misc/Signal$1'
 - class loader data:  loader data: 0x0000020a74ca7820 of 'bootstrap'
 - source file:       'Signal.java'
 - class annotations:       Array<T>(0x0000000000000000)
 - class type annotations:  Array<T>(0x0000000000000000)
 - field annotations:       Array<T>(0x0000000000000000)
 - field type annotations:  Array<T>(0x0000000000000000)
 - inner classes:     Array<T>(0x0000020a22ca8668)
 - nest members:     Array<T>(0x00000008005ebc40)
 - permitted subclasses:     Array<T>(0x00000008005ebc40)
 - java mirror:       a 'java/lang/Class'{0x00000006213369b0} = 'jdk/internal/misc/Signal$1'
 - vtable length      6  (start addr: 0x00000008011d80f0)
 - itable length      5 (start addr: 0x00000008011d8120)
 - ---- static fields (0 words):
 - ---- non-static fields (2 words):
 - final synthetic 'val$handler' 'Ljdk/internal/misc/Signal$Handler;' @12 
 - final synthetic 'val$sig' 'Ljdk/internal/misc/Signal;' @16 
 - non-static oop maps: 12-16 
R15=0x0000020a26e0a770 points into unknown readable memory: 0x0000000601409348 | 48 93 40 01 06 00 00 00


Top of Stack: (sp=0x000000c328afea78)
0x000000c328afea78:   00007ffa111371b5 0000020a7f2ee330
0x000000c328afea88:   0000000000000000 0000020a310b60c0
0x000000c328afea98:   0000020a74d0b878 0000020a2a392540
0x000000c328afeaa8:   00007ffa10c740bb 0000000000000020
0x000000c328afeab8:   0000000000000001 00000000c5775d31
0x000000c328afeac8:   0000020a7f2ee880 0000020a7f2e7c00
0x000000c328afead8:   0000020a7f2ee870 0000020a7f2ee880
0x000000c328afeae8:   0000020a7f2eec58 00000000000003d8
0x000000c328afeaf8:   0000020a7f2ee330 0000020a7f2ee330
0x000000c328afeb08:   0000020a7f2e7cc0 0000020a26100580
0x000000c328afeb18:   0000020a26100590 0000020a26100668
0x000000c328afeb28:   00000000000000d8 000000c328afeb40
0x000000c328afeb38:   00000008011d7f38 0000020a7f2ee330
0x000000c328afeb48:   0000020a7f2e7cc0 0000020a26100580
0x000000c328afeb58:   0000020a26100590 0000020a26100668
0x000000c328afeb68:   00000000000000d8 000000c328afef98 

Instructions: (pc=0x00007ffa8d02222f)
0x00007ffa8d02212f:   ?? ?? ?? ?? ?? ?? ?? ?? ?? ?? ?? ?? ?? ?? ?? ??
0x00007ffa8d02213f:   ?? ?? ?? ?? ?? ?? ?? ?? ?? ?? ?? ?? ?? ?? ?? ??
0x00007ffa8d02214f:   ?? ?? ?? ?? ?? ?? ?? ?? ?? ?? ?? ?? ?? ?? ?? ??
0x00007ffa8d02215f:   ?? ?? ?? ?? ?? ?? ?? ?? ?? ?? ?? ?? ?? ?? ?? ??
0x00007ffa8d02216f:   ?? ?? ?? ?? ?? ?? ?? ?? ?? ?? ?? ?? ?? ?? ?? ??
0x00007ffa8d02217f:   ?? ?? ?? ?? ?? ?? ?? ?? ?? ?? ?? ?? ?? ?? ?? ??
0x00007ffa8d02218f:   ?? ?? ?? ?? ?? ?? ?? ?? ?? ?? ?? ?? ?? ?? ?? ??
0x00007ffa8d02219f:   ?? ?? ?? ?? ?? ?? ?? ?? ?? ?? ?? ?? ?? ?? ?? ??
0x00007ffa8d0221af:   ?? ?? ?? ?? ?? ?? ?? ?? ?? ?? ?? ?? ?? ?? ?? ??
0x00007ffa8d0221bf:   ?? ?? ?? ?? ?? ?? ?? ?? ?? ?? ?? ?? ?? ?? ?? ??
0x00007ffa8d0221cf:   ?? ?? ?? ?? ?? ?? ?? ?? ?? ?? ?? ?? ?? ?? ?? ??
0x00007ffa8d0221df:   ?? ?? ?? ?? ?? ?? ?? ?? ?? ?? ?? ?? ?? ?? ?? ??
0x00007ffa8d0221ef:   ?? ?? ?? ?? ?? ?? ?? ?? ?? ?? ?? ?? ?? ?? ?? ??
0x00007ffa8d0221ff:   ?? ?? ?? ?? ?? ?? ?? ?? ?? ?? ?? ?? ?? ?? ?? ??
0x00007ffa8d02220f:   ?? ?? ?? ?? ?? ?? ?? ?? ?? ?? ?? ?? ?? ?? ?? ??
0x00007ffa8d02221f:   ?? ?? ?? ?? ?? ?? ?? ?? ?? ?? ?? ?? ?? ?? ?? ??
0x00007ffa8d02222f:   ?? ?? ?? ?? ?? ?? ?? ?? ?? ?? ?? ?? ?? ?? ?? ??
0x00007ffa8d02223f:   ?? ?? ?? ?? ?? ?? ?? ?? ?? ?? ?? ?? ?? ?? ?? ??
0x00007ffa8d02224f:   ?? ?? ?? ?? ?? ?? ?? ?? ?? ?? ?? ?? ?? ?? ?? ??
0x00007ffa8d02225f:   ?? ?? ?? ?? ?? ?? ?? ?? ?? ?? ?? ?? ?? ?? ?? ??
0x00007ffa8d02226f:   ?? ?? ?? ?? ?? ?? ?? ?? ?? ?? ?? ?? ?? ?? ?? ??
0x00007ffa8d02227f:   ?? ?? ?? ?? ?? ?? ?? ?? ?? ?? ?? ?? ?? ?? ?? ??
0x00007ffa8d02228f:   ?? ?? ?? ?? ?? ?? ?? ?? ?? ?? ?? ?? ?? ?? ?? ??
0x00007ffa8d02229f:   ?? ?? ?? ?? ?? ?? ?? ?? ?? ?? ?? ?? ?? ?? ?? ??
0x00007ffa8d0222af:   ?? ?? ?? ?? ?? ?? ?? ?? ?? ?? ?? ?? ?? ?? ?? ??
0x00007ffa8d0222bf:   ?? ?? ?? ?? ?? ?? ?? ?? ?? ?? ?? ?? ?? ?? ?? ??
0x00007ffa8d0222cf:   ?? ?? ?? ?? ?? ?? ?? ?? ?? ?? ?? ?? ?? ?? ?? ??
0x00007ffa8d0222df:   ?? ?? ?? ?? ?? ?? ?? ?? ?? ?? ?? ?? ?? ?? ?? ??
0x00007ffa8d0222ef:   ?? ?? ?? ?? ?? ?? ?? ?? ?? ?? ?? ?? ?? ?? ?? ??
0x00007ffa8d0222ff:   ?? ?? ?? ?? ?? ?? ?? ?? ?? ?? ?? ?? ?? ?? ?? ??
0x00007ffa8d02230f:   ?? ?? ?? ?? ?? ?? ?? ?? ?? ?? ?? ?? ?? ?? ?? ??
0x00007ffa8d02231f:   ?? ?? ?? ?? ?? ?? ?? ?? ?? ?? ?? ?? ?? ?? ?? ?? 


Stack slot to memory mapping:
stack at sp + 0 slots: 0x00007ffa111371b5 jvm.dll
stack at sp + 1 slots: 0x0000020a7f2ee330 is a thread
stack at sp + 2 slots: 0x0 is NULL
stack at sp + 3 slots: 0x0000020a310b60c0 points into unknown readable memory: 0x0000020a2a34d0f0 | f0 d0 34 2a 0a 02 00 00
stack at sp + 4 slots: 0x0000020a74d0b878 points into unknown readable memory: 0x0000020a7f2ee330 | 30 e3 2e 7f 0a 02 00 00
stack at sp + 5 slots: 0x0000020a2a392540 points into unknown readable memory: 0x00007ffa11718ff0 | f0 8f 71 11 fa 7f 00 00
stack at sp + 6 slots: 0x00007ffa10c740bb jvm.dll
stack at sp + 7 slots: 0x0000000000000020 is an unknown value


---------------  P R O C E S S  ---------------

Threads class SMR info:
_java_thread_list=0x0000020a310a10f0, length=20, elements={
0x0000020a7f2e8c00, 0x0000020a7f2eb900, 0x0000020a7f2ee330, 0x0000020a26102090,
0x0000020a261031d0, 0x0000020a2610ff40, 0x0000020a26112bb0, 0x0000020a26115ce0,
0x0000020a26143ea0, 0x0000020a261443f0, 0x0000020a26144940, 0x0000020a26142eb0,
0x0000020a26143400, 0x0000020a261453e0, 0x0000020a26142410, 0x0000020a26144e90,
0x0000020a26141ec0, 0x0000020a29c91eb0, 0x0000020a29c8f980, 0x0000020a29c953d0
}

Java Threads: ( => current thread )
  0x0000020a7f2e8c00 JavaThread "Reference Handler" daemon [_thread_blocked, id=15972, stack(0x000000c328800000,0x000000c328900000)]
  0x0000020a7f2eb900 JavaThread "Finalizer" daemon [_thread_blocked, id=22716, stack(0x000000c328900000,0x000000c328a00000)]
=>0x0000020a7f2ee330 JavaThread "Signal Dispatcher" daemon [_thread_in_native, id=23424, stack(0x000000c328a00000,0x000000c328b00000)]
  0x0000020a26102090 JavaThread "Attach Listener" daemon [_thread_blocked, id=25068, stack(0x000000c328b00000,0x000000c328c00000)]
  0x0000020a261031d0 JavaThread "Service Thread" daemon [_thread_blocked, id=28660, stack(0x000000c328c00000,0x000000c328d00000)]
  0x0000020a2610ff40 JavaThread "Monitor Deflation Thread" daemon [_thread_blocked, id=23200, stack(0x000000c328d00000,0x000000c328e00000)]
  0x0000020a26112bb0 JavaThread "C2 CompilerThread0" daemon [_thread_blocked, id=6872, stack(0x000000c328e00000,0x000000c328f00000)]
  0x0000020a26115ce0 JavaThread "C1 CompilerThread0" daemon [_thread_blocked, id=27576, stack(0x000000c328f00000,0x000000c329000000)]
  0x0000020a26143ea0 JavaThread "Sweeper thread" daemon [_thread_blocked, id=25964, stack(0x000000c329000000,0x000000c329100000)]
  0x0000020a261443f0 JavaThread "Common-Cleaner" daemon [_thread_blocked, id=22696, stack(0x000000c329100000,0x000000c329200000)]
  0x0000020a26144940 JavaThread "Monitor Ctrl-Break" daemon [_thread_in_native, id=23404, stack(0x000000c329200000,0x000000c329300000)]
  0x0000020a26142eb0 JavaThread "Notification Thread" daemon [_thread_blocked, id=10720, stack(0x000000c329300000,0x000000c329400000)]
  0x0000020a26143400 JavaThread "Java2D Disposer" daemon [_thread_blocked, id=18932, stack(0x000000c329500000,0x000000c329600000)]
  0x0000020a261453e0 JavaThread "AWT-Shutdown" [_thread_blocked, id=1408, stack(0x000000c329600000,0x000000c329700000)]
  0x0000020a26142410 JavaThread "AWT-Windows" daemon [_thread_in_native, id=18972, stack(0x000000c329700000,0x000000c329800000)]
  0x0000020a26144e90 JavaThread "AWT-EventQueue-0" [_thread_blocked, id=12972, stack(0x000000c329900000,0x000000c329a00000)]
  0x0000020a26141ec0 JavaThread "DestroyJavaVM" [_thread_blocked, id=8220, stack(0x000000c328100000,0x000000c328200000)]
  0x0000020a29c91eb0 JavaThread "TimerQueue" daemon [_thread_blocked, id=24452, stack(0x000000c32a610000,0x000000c32a710000)]
  0x0000020a29c8f980 JavaThread "SwingWorker-pool-1-thread-1" daemon [_thread_blocked, id=25320, stack(0x000000c32a710000,0x000000c32a810000)]
  0x0000020a29c953d0 JavaThread "D3D Screen Updater" daemon [_thread_blocked, id=21988, stack(0x000000c32ab10000,0x000000c32ac10000)]

Other Threads:
  0x0000020a7f2cece0 VMThread "VM Thread" [stack: 0x000000c328700000,0x000000c328800000] [id=14924]
  0x0000020a74c45060 WatcherThread "VM Periodic Task Thread" [stack: 0x000000c329400000,0x000000c329500000] [id=27112]
  0x0000020a74cf7ce0 WorkerThread "GC Thread#0" [stack: 0x000000c328200000,0x000000c328300000] [id=22568]
  0x0000020a26deee80 WorkerThread "GC Thread#1" [stack: 0x000000c329a00000,0x000000c329b00000] [id=8732]
  0x0000020a29859da0 WorkerThread "GC Thread#2" [stack: 0x000000c329b00000,0x000000c329c00000] [id=20348]
  0x0000020a26e374b0 WorkerThread "GC Thread#3" [stack: 0x000000c329c00000,0x000000c329d00000] [id=1680]
  0x0000020a26e36970 WorkerThread "GC Thread#4" [stack: 0x000000c329d00000,0x000000c329e00000] [id=8728]
  0x0000020a26e382c0 WorkerThread "GC Thread#5" [stack: 0x000000c329e00000,0x000000c329f00000] [id=26316]
  0x0000020a26e37ff0 WorkerThread "GC Thread#6" [stack: 0x000000c329f00000,0x000000c32a000000] [id=15152]
  0x0000020a26e37a50 WorkerThread "GC Thread#7" [stack: 0x000000c32a000000,0x000000c32a100000] [id=11616]
  0x0000020a26e36c40 WorkerThread "GC Thread#8" [stack: 0x000000c32a100000,0x000000c32a200000] [id=12252]
  0x0000020a26e37780 WorkerThread "GC Thread#9" [stack: 0x000000c32a200000,0x000000c32a300000] [id=3880]
  0x0000020a74d08d30 ConcurrentGCThread "G1 Main Marker" [stack: 0x000000c328300000,0x000000c328400000] [id=4924]
  0x0000020a74d09760 WorkerThread "G1 Conc#0" [stack: 0x000000c328400000,0x000000c328500000] [id=16484]
  0x0000020a7f18b290 ConcurrentGCThread "G1 Refine#0" [stack: 0x000000c328500000,0x000000c328600000] [id=26140]
  0x0000020a7f18ccf0 ConcurrentGCThread "G1 Service" [stack: 0x000000c328600000,0x000000c328700000] [id=16392]

Threads with active compile tasks:

VM state: not at safepoint (normal execution)

VM Mutex/Monitor currently owned by a thread: None

Heap address: 0x0000000601400000, size: 8172 MB, Compressed Oops mode: Zero based, Oop shift amount: 3

CDS archive(s) mapped at: [0x0000000800000000-0x0000000800c30000-0x0000000800c30000), size 12779520, SharedBaseAddress: 0x0000000800000000, ArchiveRelocationMode: 0.
Compressed class space mapped at: 0x0000000801000000-0x0000000841000000, reserved size: 1073741824
Narrow klass base: 0x0000000800000000, Narrow klass shift: 0, Narrow klass range: 0x100000000

GC Precious Log:
 CardTable entry size: 512
 Card Set container configuration: InlinePtr #cards 4 size 8 Array Of Cards #cards 32 size 80 Howl #buckets 8 coarsen threshold 7372 Howl Bitmap #cards 1024 size 144 coarsen threshold 921 Card regions per heap region 1 cards per card region 8192
 CPUs: 12 total, 12 available
 Memory: 32677M
 Large Page Support: Disabled
 NUMA Support: Disabled
 Compressed Oops: Enabled (Zero based)
 Heap Region Size: 4M
 Heap Min Capacity: 8M
 Heap Initial Capacity: 512M
 Heap Max Capacity: 8172M
 Pre-touch: Disabled
 Parallel Workers: 10
 Concurrent Workers: 3
 Concurrent Refinement Workers: 10
 Periodic GC: Disabled

Heap:
 garbage-first heap   total 524288K, used 8607K [0x0000000601400000, 0x0000000800000000)
  region size 4096K, 2 young (8192K), 1 survivors (4096K)
 Metaspace       used 14544K, committed 14848K, reserved 1114112K
  class space    used 1569K, committed 1728K, reserved 1048576K

Heap Regions: E=young(eden), S=young(survivor), O=old, HS=humongous(starts), HC=humongous(continues), CS=collection set, F=free, OA=open archive, CA=closed archive, TAMS=top-at-mark-start (previous, next)
|   0|0x0000000601400000, 0x0000000601800000, 0x0000000601800000|100%| O|  |TAMS 0x0000000601400000, 0x0000000601400000| Untracked 
|   1|0x0000000601800000, 0x0000000601867e00, 0x0000000601c00000| 10%| O|  |TAMS 0x0000000601800000, 0x0000000601800000| Untracked 
|   2|0x0000000601c00000, 0x0000000601c00000, 0x0000000602000000|  0%| F|  |TAMS 0x0000000601c00000, 0x0000000601c00000| Untracked 
|   3|0x0000000602000000, 0x0000000602000000, 0x0000000602400000|  0%| F|  |TAMS 0x0000000602000000, 0x0000000602000000| Untracked 
|   4|0x0000000602400000, 0x0000000602400000, 0x0000000602800000|  0%| F|  |TAMS 0x0000000602400000, 0x0000000602400000| Untracked 
|   5|0x0000000602800000, 0x0000000602800000, 0x0000000602c00000|  0%| F|  |TAMS 0x0000000602800000, 0x0000000602800000| Untracked 
|   6|0x0000000602c00000, 0x0000000602c00000, 0x0000000603000000|  0%| F|  |TAMS 0x0000000602c00000, 0x0000000602c00000| Untracked 
|   7|0x0000000603000000, 0x0000000603000000, 0x0000000603400000|  0%| F|  |TAMS 0x0000000603000000, 0x0000000603000000| Untracked 
|   8|0x0000000603400000, 0x0000000603400000, 0x0000000603800000|  0%| F|  |TAMS 0x0000000603400000, 0x0000000603400000| Untracked 
|   9|0x0000000603800000, 0x0000000603800000, 0x0000000603c00000|  0%| F|  |TAMS 0x0000000603800000, 0x0000000603800000| Untracked 
|  10|0x0000000603c00000, 0x0000000603c00000, 0x0000000604000000|  0%| F|  |TAMS 0x0000000603c00000, 0x0000000603c00000| Untracked 
|  11|0x0000000604000000, 0x0000000604000000, 0x0000000604400000|  0%| F|  |TAMS 0x0000000604000000, 0x0000000604000000| Untracked 
|  12|0x0000000604400000, 0x0000000604400000, 0x0000000604800000|  0%| F|  |TAMS 0x0000000604400000, 0x0000000604400000| Untracked 
|  13|0x0000000604800000, 0x0000000604800000, 0x0000000604c00000|  0%| F|  |TAMS 0x0000000604800000, 0x0000000604800000| Untracked 
|  14|0x0000000604c00000, 0x0000000604c00000, 0x0000000605000000|  0%| F|  |TAMS 0x0000000604c00000, 0x0000000604c00000| Untracked 
|  15|0x0000000605000000, 0x0000000605000000, 0x0000000605400000|  0%| F|  |TAMS 0x0000000605000000, 0x0000000605000000| Untracked 
|  16|0x0000000605400000, 0x0000000605400000, 0x0000000605800000|  0%| F|  |TAMS 0x0000000605400000, 0x0000000605400000| Untracked 
|  17|0x0000000605800000, 0x0000000605800000, 0x0000000605c00000|  0%| F|  |TAMS 0x0000000605800000, 0x0000000605800000| Untracked 
|  18|0x0000000605c00000, 0x0000000605c00000, 0x0000000606000000|  0%| F|  |TAMS 0x0000000605c00000, 0x0000000605c00000| Untracked 
|  19|0x0000000606000000, 0x0000000606000000, 0x0000000606400000|  0%| F|  |TAMS 0x0000000606000000, 0x0000000606000000| Untracked 
|  20|0x0000000606400000, 0x0000000606400000, 0x0000000606800000|  0%| F|  |TAMS 0x0000000606400000, 0x0000000606400000| Untracked 
|  21|0x0000000606800000, 0x0000000606800000, 0x0000000606c00000|  0%| F|  |TAMS 0x0000000606800000, 0x0000000606800000| Untracked 
|  22|0x0000000606c00000, 0x0000000606c00000, 0x0000000607000000|  0%| F|  |TAMS 0x0000000606c00000, 0x0000000606c00000| Untracked 
|  23|0x0000000607000000, 0x0000000607000000, 0x0000000607400000|  0%| F|  |TAMS 0x0000000607000000, 0x0000000607000000| Untracked 
|  24|0x0000000607400000, 0x0000000607400000, 0x0000000607800000|  0%| F|  |TAMS 0x0000000607400000, 0x0000000607400000| Untracked 
|  25|0x0000000607800000, 0x0000000607800000, 0x0000000607c00000|  0%| F|  |TAMS 0x0000000607800000, 0x0000000607800000| Untracked 
|  26|0x0000000607c00000, 0x0000000607c00000, 0x0000000608000000|  0%| F|  |TAMS 0x0000000607c00000, 0x0000000607c00000| Untracked 
|  27|0x0000000608000000, 0x0000000608000000, 0x0000000608400000|  0%| F|  |TAMS 0x0000000608000000, 0x0000000608000000| Untracked 
|  28|0x0000000608400000, 0x0000000608400000, 0x0000000608800000|  0%| F|  |TAMS 0x0000000608400000, 0x0000000608400000| Untracked 
|  29|0x0000000608800000, 0x0000000608800000, 0x0000000608c00000|  0%| F|  |TAMS 0x0000000608800000, 0x0000000608800000| Untracked 
|  30|0x0000000608c00000, 0x0000000608c00000, 0x0000000609000000|  0%| F|  |TAMS 0x0000000608c00000, 0x0000000608c00000| Untracked 
|  31|0x0000000609000000, 0x0000000609000000, 0x0000000609400000|  0%| F|  |TAMS 0x0000000609000000, 0x0000000609000000| Untracked 
|  32|0x0000000609400000, 0x0000000609400000, 0x0000000609800000|  0%| F|  |TAMS 0x0000000609400000, 0x0000000609400000| Untracked 
|  33|0x0000000609800000, 0x0000000609800000, 0x0000000609c00000|  0%| F|  |TAMS 0x0000000609800000, 0x0000000609800000| Untracked 
|  34|0x0000000609c00000, 0x0000000609c00000, 0x000000060a000000|  0%| F|  |TAMS 0x0000000609c00000, 0x0000000609c00000| Untracked 
|  35|0x000000060a000000, 0x000000060a000000, 0x000000060a400000|  0%| F|  |TAMS 0x000000060a000000, 0x000000060a000000| Untracked 
|  36|0x000000060a400000, 0x000000060a400000, 0x000000060a800000|  0%| F|  |TAMS 0x000000060a400000, 0x000000060a400000| Untracked 
|  37|0x000000060a800000, 0x000000060a800000, 0x000000060ac00000|  0%| F|  |TAMS 0x000000060a800000, 0x000000060a800000| Untracked 
|  38|0x000000060ac00000, 0x000000060ac00000, 0x000000060b000000|  0%| F|  |TAMS 0x000000060ac00000, 0x000000060ac00000| Untracked 
|  39|0x000000060b000000, 0x000000060b000000, 0x000000060b400000|  0%| F|  |TAMS 0x000000060b000000, 0x000000060b000000| Untracked 
|  40|0x000000060b400000, 0x000000060b400000, 0x000000060b800000|  0%| F|  |TAMS 0x000000060b400000, 0x000000060b400000| Untracked 
|  41|0x000000060b800000, 0x000000060b800000, 0x000000060bc00000|  0%| F|  |TAMS 0x000000060b800000, 0x000000060b800000| Untracked 
|  42|0x000000060bc00000, 0x000000060bc00000, 0x000000060c000000|  0%| F|  |TAMS 0x000000060bc00000, 0x000000060bc00000| Untracked 
|  43|0x000000060c000000, 0x000000060c000000, 0x000000060c400000|  0%| F|  |TAMS 0x000000060c000000, 0x000000060c000000| Untracked 
|  44|0x000000060c400000, 0x000000060c400000, 0x000000060c800000|  0%| F|  |TAMS 0x000000060c400000, 0x000000060c400000| Untracked 
|  45|0x000000060c800000, 0x000000060c800000, 0x000000060cc00000|  0%| F|  |TAMS 0x000000060c800000, 0x000000060c800000| Untracked 
|  46|0x000000060cc00000, 0x000000060cc00000, 0x000000060d000000|  0%| F|  |TAMS 0x000000060cc00000, 0x000000060cc00000| Untracked 
|  47|0x000000060d000000, 0x000000060d000000, 0x000000060d400000|  0%| F|  |TAMS 0x000000060d000000, 0x000000060d000000| Untracked 
|  48|0x000000060d400000, 0x000000060d400000, 0x000000060d800000|  0%| F|  |TAMS 0x000000060d400000, 0x000000060d400000| Untracked 
|  49|0x000000060d800000, 0x000000060d800000, 0x000000060dc00000|  0%| F|  |TAMS 0x000000060d800000, 0x000000060d800000| Untracked 
|  50|0x000000060dc00000, 0x000000060dc00000, 0x000000060e000000|  0%| F|  |TAMS 0x000000060dc00000, 0x000000060dc00000| Untracked 
|  51|0x000000060e000000, 0x000000060e000000, 0x000000060e400000|  0%| F|  |TAMS 0x000000060e000000, 0x000000060e000000| Untracked 
|  52|0x000000060e400000, 0x000000060e400000, 0x000000060e800000|  0%| F|  |TAMS 0x000000060e400000, 0x000000060e400000| Untracked 
|  53|0x000000060e800000, 0x000000060e800000, 0x000000060ec00000|  0%| F|  |TAMS 0x000000060e800000, 0x000000060e800000| Untracked 
|  54|0x000000060ec00000, 0x000000060ec00000, 0x000000060f000000|  0%| F|  |TAMS 0x000000060ec00000, 0x000000060ec00000| Untracked 
|  55|0x000000060f000000, 0x000000060f000000, 0x000000060f400000|  0%| F|  |TAMS 0x000000060f000000, 0x000000060f000000| Untracked 
|  56|0x000000060f400000, 0x000000060f400000, 0x000000060f800000|  0%| F|  |TAMS 0x000000060f400000, 0x000000060f400000| Untracked 
|  57|0x000000060f800000, 0x000000060f800000, 0x000000060fc00000|  0%| F|  |TAMS 0x000000060f800000, 0x000000060f800000| Untracked 
|  58|0x000000060fc00000, 0x000000060fc00000, 0x0000000610000000|  0%| F|  |TAMS 0x000000060fc00000, 0x000000060fc00000| Untracked 
|  59|0x0000000610000000, 0x0000000610000000, 0x0000000610400000|  0%| F|  |TAMS 0x0000000610000000, 0x0000000610000000| Untracked 
|  60|0x0000000610400000, 0x0000000610400000, 0x0000000610800000|  0%| F|  |TAMS 0x0000000610400000, 0x0000000610400000| Untracked 
|  61|0x0000000610800000, 0x0000000610800000, 0x0000000610c00000|  0%| F|  |TAMS 0x0000000610800000, 0x0000000610800000| Untracked 
|  62|0x0000000610c00000, 0x0000000610c00000, 0x0000000611000000|  0%| F|  |TAMS 0x0000000610c00000, 0x0000000610c00000| Untracked 
|  63|0x0000000611000000, 0x0000000611000000, 0x0000000611400000|  0%| F|  |TAMS 0x0000000611000000, 0x0000000611000000| Untracked 
|  64|0x0000000611400000, 0x0000000611400000, 0x0000000611800000|  0%| F|  |TAMS 0x0000000611400000, 0x0000000611400000| Untracked 
|  65|0x0000000611800000, 0x0000000611800000, 0x0000000611c00000|  0%| F|  |TAMS 0x0000000611800000, 0x0000000611800000| Untracked 
|  66|0x0000000611c00000, 0x0000000611c00000, 0x0000000612000000|  0%| F|  |TAMS 0x0000000611c00000, 0x0000000611c00000| Untracked 
|  67|0x0000000612000000, 0x0000000612000000, 0x0000000612400000|  0%| F|  |TAMS 0x0000000612000000, 0x0000000612000000| Untracked 
|  68|0x0000000612400000, 0x0000000612400000, 0x0000000612800000|  0%| F|  |TAMS 0x0000000612400000, 0x0000000612400000| Untracked 
|  69|0x0000000612800000, 0x0000000612800000, 0x0000000612c00000|  0%| F|  |TAMS 0x0000000612800000, 0x0000000612800000| Untracked 
|  70|0x0000000612c00000, 0x0000000612c00000, 0x0000000613000000|  0%| F|  |TAMS 0x0000000612c00000, 0x0000000612c00000| Untracked 
|  71|0x0000000613000000, 0x0000000613000000, 0x0000000613400000|  0%| F|  |TAMS 0x0000000613000000, 0x0000000613000000| Untracked 
|  72|0x0000000613400000, 0x0000000613400000, 0x0000000613800000|  0%| F|  |TAMS 0x0000000613400000, 0x0000000613400000| Untracked 
|  73|0x0000000613800000, 0x0000000613800000, 0x0000000613c00000|  0%| F|  |TAMS 0x0000000613800000, 0x0000000613800000| Untracked 
|  74|0x0000000613c00000, 0x0000000613c00000, 0x0000000614000000|  0%| F|  |TAMS 0x0000000613c00000, 0x0000000613c00000| Untracked 
|  75|0x0000000614000000, 0x0000000614000000, 0x0000000614400000|  0%| F|  |TAMS 0x0000000614000000, 0x0000000614000000| Untracked 
|  76|0x0000000614400000, 0x0000000614400000, 0x0000000614800000|  0%| F|  |TAMS 0x0000000614400000, 0x0000000614400000| Untracked 
|  77|0x0000000614800000, 0x0000000614800000, 0x0000000614c00000|  0%| F|  |TAMS 0x0000000614800000, 0x0000000614800000| Untracked 
|  78|0x0000000614c00000, 0x0000000614c00000, 0x0000000615000000|  0%| F|  |TAMS 0x0000000614c00000, 0x0000000614c00000| Untracked 
|  79|0x0000000615000000, 0x0000000615000000, 0x0000000615400000|  0%| F|  |TAMS 0x0000000615000000, 0x0000000615000000| Untracked 
|  80|0x0000000615400000, 0x0000000615400000, 0x0000000615800000|  0%| F|  |TAMS 0x0000000615400000, 0x0000000615400000| Untracked 
|  81|0x0000000615800000, 0x0000000615800000, 0x0000000615c00000|  0%| F|  |TAMS 0x0000000615800000, 0x0000000615800000| Untracked 
|  82|0x0000000615c00000, 0x0000000615c00000, 0x0000000616000000|  0%| F|  |TAMS 0x0000000615c00000, 0x0000000615c00000| Untracked 
|  83|0x0000000616000000, 0x0000000616000000, 0x0000000616400000|  0%| F|  |TAMS 0x0000000616000000, 0x0000000616000000| Untracked 
|  84|0x0000000616400000, 0x0000000616400000, 0x0000000616800000|  0%| F|  |TAMS 0x0000000616400000, 0x0000000616400000| Untracked 
|  85|0x0000000616800000, 0x0000000616800000, 0x0000000616c00000|  0%| F|  |TAMS 0x0000000616800000, 0x0000000616800000| Untracked 
|  86|0x0000000616c00000, 0x0000000616c00000, 0x0000000617000000|  0%| F|  |TAMS 0x0000000616c00000, 0x0000000616c00000| Untracked 
|  87|0x0000000617000000, 0x0000000617000000, 0x0000000617400000|  0%| F|  |TAMS 0x0000000617000000, 0x0000000617000000| Untracked 
|  88|0x0000000617400000, 0x0000000617400000, 0x0000000617800000|  0%| F|  |TAMS 0x0000000617400000, 0x0000000617400000| Untracked 
|  89|0x0000000617800000, 0x0000000617800000, 0x0000000617c00000|  0%| F|  |TAMS 0x0000000617800000, 0x0000000617800000| Untracked 
|  90|0x0000000617c00000, 0x0000000617c00000, 0x0000000618000000|  0%| F|  |TAMS 0x0000000617c00000, 0x0000000617c00000| Untracked 
|  91|0x0000000618000000, 0x0000000618000000, 0x0000000618400000|  0%| F|  |TAMS 0x0000000618000000, 0x0000000618000000| Untracked 
|  92|0x0000000618400000, 0x0000000618400000, 0x0000000618800000|  0%| F|  |TAMS 0x0000000618400000, 0x0000000618400000| Untracked 
|  93|0x0000000618800000, 0x0000000618800000, 0x0000000618c00000|  0%| F|  |TAMS 0x0000000618800000, 0x0000000618800000| Untracked 
|  94|0x0000000618c00000, 0x0000000618c00000, 0x0000000619000000|  0%| F|  |TAMS 0x0000000618c00000, 0x0000000618c00000| Untracked 
|  95|0x0000000619000000, 0x0000000619000000, 0x0000000619400000|  0%| F|  |TAMS 0x0000000619000000, 0x0000000619000000| Untracked 
|  96|0x0000000619400000, 0x0000000619400000, 0x0000000619800000|  0%| F|  |TAMS 0x0000000619400000, 0x0000000619400000| Untracked 
|  97|0x0000000619800000, 0x0000000619800000, 0x0000000619c00000|  0%| F|  |TAMS 0x0000000619800000, 0x0000000619800000| Untracked 
|  98|0x0000000619c00000, 0x0000000619c00000, 0x000000061a000000|  0%| F|  |TAMS 0x0000000619c00000, 0x0000000619c00000| Untracked 
|  99|0x000000061a000000, 0x000000061a000000, 0x000000061a400000|  0%| F|  |TAMS 0x000000061a000000, 0x000000061a000000| Untracked 
| 100|0x000000061a400000, 0x000000061a400000, 0x000000061a800000|  0%| F|  |TAMS 0x000000061a400000, 0x000000061a400000| Untracked 
| 101|0x000000061a800000, 0x000000061a800000, 0x000000061ac00000|  0%| F|  |TAMS 0x000000061a800000, 0x000000061a800000| Untracked 
| 102|0x000000061ac00000, 0x000000061ac00000, 0x000000061b000000|  0%| F|  |TAMS 0x000000061ac00000, 0x000000061ac00000| Untracked 
| 103|0x000000061b000000, 0x000000061b000000, 0x000000061b400000|  0%| F|  |TAMS 0x000000061b000000, 0x000000061b000000| Untracked 
| 104|0x000000061b400000, 0x000000061b400000, 0x000000061b800000|  0%| F|  |TAMS 0x000000061b400000, 0x000000061b400000| Untracked 
| 105|0x000000061b800000, 0x000000061b800000, 0x000000061bc00000|  0%| F|  |TAMS 0x000000061b800000, 0x000000061b800000| Untracked 
| 106|0x000000061bc00000, 0x000000061bc00000, 0x000000061c000000|  0%| F|  |TAMS 0x000000061bc00000, 0x000000061bc00000| Untracked 
| 107|0x000000061c000000, 0x000000061c000000, 0x000000061c400000|  0%| F|  |TAMS 0x000000061c000000, 0x000000061c000000| Untracked 
| 108|0x000000061c400000, 0x000000061c400000, 0x000000061c800000|  0%| F|  |TAMS 0x000000061c400000, 0x000000061c400000| Untracked 
| 109|0x000000061c800000, 0x000000061c800000, 0x000000061cc00000|  0%| F|  |TAMS 0x000000061c800000, 0x000000061c800000| Untracked 
| 110|0x000000061cc00000, 0x000000061cc00000, 0x000000061d000000|  0%| F|  |TAMS 0x000000061cc00000, 0x000000061cc00000| Untracked 
| 111|0x000000061d000000, 0x000000061d000000, 0x000000061d400000|  0%| F|  |TAMS 0x000000061d000000, 0x000000061d000000| Untracked 
| 112|0x000000061d400000, 0x000000061d400000, 0x000000061d800000|  0%| F|  |TAMS 0x000000061d400000, 0x000000061d400000| Untracked 
| 113|0x000000061d800000, 0x000000061d800000, 0x000000061dc00000|  0%| F|  |TAMS 0x000000061d800000, 0x000000061d800000| Untracked 
| 114|0x000000061dc00000, 0x000000061dc00000, 0x000000061e000000|  0%| F|  |TAMS 0x000000061dc00000, 0x000000061dc00000| Untracked 
| 115|0x000000061e000000, 0x000000061e000000, 0x000000061e400000|  0%| F|  |TAMS 0x000000061e000000, 0x000000061e000000| Untracked 
| 116|0x000000061e400000, 0x000000061e400000, 0x000000061e800000|  0%| F|  |TAMS 0x000000061e400000, 0x000000061e400000| Untracked 
| 117|0x000000061e800000, 0x000000061e800000, 0x000000061ec00000|  0%| F|  |TAMS 0x000000061e800000, 0x000000061e800000| Untracked 
| 118|0x000000061ec00000, 0x000000061ec00000, 0x000000061f000000|  0%| F|  |TAMS 0x000000061ec00000, 0x000000061ec00000| Untracked 
| 119|0x000000061f000000, 0x000000061f400000, 0x000000061f400000|100%| S|CS|TAMS 0x000000061f000000, 0x000000061f000000| Complete 
| 120|0x000000061f400000, 0x000000061f400000, 0x000000061f800000|  0%| F|  |TAMS 0x000000061f400000, 0x000000061f400000| Untracked 
| 121|0x000000061f800000, 0x000000061f800000, 0x000000061fc00000|  0%| F|  |TAMS 0x000000061f800000, 0x000000061f800000| Untracked 
| 122|0x000000061fc00000, 0x000000061fc00000, 0x0000000620000000|  0%| F|  |TAMS 0x000000061fc00000, 0x000000061fc00000| Untracked 
| 123|0x0000000620000000, 0x0000000620000000, 0x0000000620400000|  0%| F|  |TAMS 0x0000000620000000, 0x0000000620000000| Untracked 
| 124|0x0000000620400000, 0x0000000620400000, 0x0000000620800000|  0%| F|  |TAMS 0x0000000620400000, 0x0000000620400000| Untracked 
| 125|0x0000000620800000, 0x0000000620800000, 0x0000000620c00000|  0%| F|  |TAMS 0x0000000620800000, 0x0000000620800000| Untracked 
| 126|0x0000000620c00000, 0x0000000620c00000, 0x0000000621000000|  0%| F|  |TAMS 0x0000000620c00000, 0x0000000620c00000| Untracked 
| 127|0x0000000621000000, 0x00000006213c5fd8, 0x0000000621400000| 94%| E|  |TAMS 0x0000000621000000, 0x0000000621000000| Complete 

Card table byte_map: [0x0000020a7e0f0000,0x0000020a7f0f0000] _byte_map_base: 0x0000020a7b0e6000

Marking Bits (Prev, Next): (CMBitMap*) 0x0000020a74cf8310, (CMBitMap*) 0x0000020a74cf8350
 Prev Bits: [0x0000020a10000000, 0x0000020a17fb0000)
 Next Bits: [0x0000020a17fb0000, 0x0000020a1ff60000)

Polling page: 0x0000020a72bb0000

Metaspace:

Usage:
  Non-class:     12.67 MB used.
      Class:      1.53 MB used.
       Both:     14.20 MB used.

Virtual space:
  Non-class space:       64.00 MB reserved,      12.81 MB ( 20%) committed,  1 nodes.
      Class space:        1.00 GB reserved,       1.69 MB ( <1%) committed,  1 nodes.
             Both:        1.06 GB reserved,      14.50 MB (  1%) committed. 

Chunk freelists:
   Non-Class:  2.89 MB
       Class:  2.24 MB
        Both:  5.13 MB

MaxMetaspaceSize: unlimited
CompressedClassSpaceSize: 1.00 GB
Initial GC threshold: 21.00 MB
Current GC threshold: 21.00 MB
CDS: on
MetaspaceReclaimPolicy: balanced
 - commit_granule_bytes: 65536.
 - commit_granule_words: 8192.
 - virtual_space_node_default_size: 8388608.
 - enlarge_chunks_in_place: 1.
 - new_chunks_are_fully_committed: 0.
 - uncommit_free_chunks: 1.
 - use_allocation_guard: 0.


Internal statistics:

num_allocs_failed_limit: 0.
num_arena_births: 264.
num_arena_deaths: 0.
num_vsnodes_births: 2.
num_vsnodes_deaths: 0.
num_space_committed: 232.
num_space_uncommitted: 0.
num_chunks_returned_to_freelist: 0.
num_chunks_taken_from_freelist: 392.
num_chunk_merges: 0.
num_chunk_splits: 250.
num_chunks_enlarged: 169.
num_inconsistent_stats: 0.

CodeHeap 'non-profiled nmethods': size=120000Kb used=1212Kb max_used=1212Kb free=118787Kb
 bounds [0x0000020a07ad0000, 0x0000020a07d40000, 0x0000020a0f000000]
CodeHeap 'profiled nmethods': size=120000Kb used=4375Kb max_used=4375Kb free=115624Kb
 bounds [0x0000020a00000000, 0x0000020a00450000, 0x0000020a07530000]
CodeHeap 'non-nmethods': size=5760Kb used=1474Kb max_used=1525Kb free=4285Kb
 bounds [0x0000020a07530000, 0x0000020a077a0000, 0x0000020a07ad0000]
 total_blobs=3063 nmethods=2318 adapters=655
 compilation: enabled
              stopped_count=0, restarted_count=0
 full_count=0

Compilation events (20 events):
Event: 1.510 Thread 0x0000020a26115ce0 2312   !   3       javax.swing.JComponent::paint (409 bytes)
Event: 1.510 Thread 0x0000020a2636f240 nmethod 2308 0x0000020a07bed510 code [0x0000020a07bed680, 0x0000020a07bed6f8]
Event: 1.510 Thread 0x0000020a26112bb0 nmethod 2311 0x0000020a07bed810 code [0x0000020a07bed980, 0x0000020a07bed9f8]
Event: 1.512 Thread 0x0000020a26115ce0 nmethod 2312 0x0000020a00438c90 code [0x0000020a004390e0, 0x0000020a0043bcd8]
Event: 1.512 Thread 0x0000020a26115ce0 2314   !   3       javax.swing.JComponent::paintChildren (684 bytes)
Event: 1.513 Thread 0x0000020a2636f240 2316 %     4       sun.java2d.marlin.Renderer::_endRendering @ 784 (2480 bytes)
Event: 1.513 Thread 0x0000020a26112bb0 2318       4       sun.java2d.marlin.MarlinTileGenerator::getAlphaRLE (1749 bytes)
Event: 1.515 Thread 0x0000020a26115ce0 nmethod 2314 0x0000020a0043ca90 code [0x0000020a0043d1a0, 0x0000020a00442558]
Event: 1.515 Thread 0x0000020a26115ce0 2315       3       sun.java2d.pipe.PixelToParallelogramConverter::normalize (15 bytes)
Event: 1.515 Thread 0x0000020a26115ce0 nmethod 2315 0x0000020a00444990 code [0x0000020a00444b40, 0x0000020a00444ce8]
Event: 1.515 Thread 0x0000020a26115ce0 2313       3       javax.swing.JComponent::getComponentGraphics (63 bytes)
Event: 1.515 Thread 0x0000020a26115ce0 nmethod 2313 0x0000020a00444e10 code [0x0000020a00445060, 0x0000020a00445c08]
Event: 1.515 Thread 0x0000020a26115ce0 2317       1       sun.java2d.ReentrantContextProvider$HardReference::get (5 bytes)
Event: 1.515 Thread 0x0000020a26115ce0 nmethod 2317 0x0000020a07bedb10 code [0x0000020a07bedca0, 0x0000020a07bedd78]
Event: 1.515 Thread 0x0000020a26115ce0 2319       1       java.security.AccessControlContext::getCombiner (5 bytes)
Event: 1.515 Thread 0x0000020a26115ce0 nmethod 2319 0x0000020a07bede10 code [0x0000020a07bedfa0, 0x0000020a07bee078]
Event: 1.515 Thread 0x0000020a26115ce0 2320       1       java.security.AccessControlContext::getContext (5 bytes)
Event: 1.515 Thread 0x0000020a26115ce0 nmethod 2320 0x0000020a07bee110 code [0x0000020a07bee2a0, 0x0000020a07bee378]
Event: 1.578 Thread 0x0000020a2636f240 nmethod 2316% 0x0000020a07bee410 code [0x0000020a07bee6a0, 0x0000020a07bf48f0]
Event: 1.594 Thread 0x0000020a26112bb0 nmethod 2318 0x0000020a07bf8590 code [0x0000020a07bf8820, 0x0000020a07bfc3a8]

GC Heap History (4 events):
Event: 0.483 GC heap before
{Heap before GC invocations=0 (full 0):
 garbage-first heap   total 524288K, used 24576K [0x0000000601400000, 0x0000000800000000)
  region size 4096K, 6 young (24576K), 0 survivors (0K)
 Metaspace       used 6203K, committed 6400K, reserved 1114112K
  class space    used 603K, committed 704K, reserved 1048576K
}
Event: 0.485 GC heap after
{Heap after GC invocations=1 (full 0):
 garbage-first heap   total 524288K, used 3677K [0x0000000601400000, 0x0000000800000000)
  region size 4096K, 1 young (4096K), 1 survivors (4096K)
 Metaspace       used 6203K, committed 6400K, reserved 1114112K
  class space    used 603K, committed 704K, reserved 1048576K
}
Event: 1.296 GC heap before
{Heap before GC invocations=1 (full 0):
 garbage-first heap   total 524288K, used 28253K [0x0000000601400000, 0x0000000800000000)
  region size 4096K, 8 young (32768K), 1 survivors (4096K)
 Metaspace       used 14389K, committed 14720K, reserved 1114112K
  class space    used 1560K, committed 1728K, reserved 1048576K
}
Event: 1.300 GC heap after
{Heap after GC invocations=2 (full 0):
 garbage-first heap   total 524288K, used 8607K [0x0000000601400000, 0x0000000800000000)
  region size 4096K, 1 young (4096K), 1 survivors (4096K)
 Metaspace       used 14389K, committed 14720K, reserved 1114112K
  class space    used 1560K, committed 1728K, reserved 1048576K
}

Dll operation events (18 events):
Event: 0.004 Loaded shared library C:\Users\AntekK\.jdks\openjdk-19.0.1\bin\java.dll
Event: 0.011 Loaded shared library C:\Users\AntekK\.jdks\openjdk-19.0.1\bin\jsvml.dll
Event: 0.047 Loaded shared library C:\Users\AntekK\.jdks\openjdk-19.0.1\bin\zip.dll
Event: 0.048 Loaded shared library C:\Users\AntekK\.jdks\openjdk-19.0.1\bin\instrument.dll
Event: 0.051 Loaded shared library C:\Users\AntekK\.jdks\openjdk-19.0.1\bin\net.dll
Event: 0.052 Loaded shared library C:\Users\AntekK\.jdks\openjdk-19.0.1\bin\nio.dll
Event: 0.055 Loaded shared library C:\Users\AntekK\.jdks\openjdk-19.0.1\bin\zip.dll
Event: 0.065 Loaded shared library C:\Program Files\JetBrains\IntelliJ IDEA 2022.1.2\bin\breakgen64.dll
Event: 0.071 Loaded shared library C:\Users\AntekK\.jdks\openjdk-19.0.1\bin\extnet.dll
Event: 0.074 Loaded shared library C:\Users\AntekK\.jdks\openjdk-19.0.1\bin\jimage.dll
Event: 0.084 Loaded shared library C:\Users\AntekK\.jdks\openjdk-19.0.1\bin\awt.dll
Event: 0.105 Loaded shared library C:\Users\AntekK\.jdks\openjdk-19.0.1\bin\prefs.dll
Event: 0.207 Loaded shared library C:\Users\AntekK\.jdks\openjdk-19.0.1\bin\freetype.dll
Event: 0.208 Loaded shared library C:\Users\AntekK\.jdks\openjdk-19.0.1\bin\fontmanager.dll
Event: 0.671 Loaded shared library C:\Users\AntekK\.jdks\openjdk-19.0.1\bin\jawt.dll
Event: 0.677 Loaded shared library C:\Users\AntekK\AppData\Local\Temp\flatlaf.temp\flatlaf-windows-x86_64-170408176553990.dll
Event: 0.798 Loaded shared library C:\Users\AntekK\.jdks\openjdk-19.0.1\bin\javajpeg.dll
Event: 5.486 Loaded shared library C:\Users\AntekK\AppData\Local\Temp\libasyncProfiler.dll

Deoptimization events (20 events):
Event: 1.195 Thread 0x0000020a26144e90 DEOPT PACKING pc=0x0000020a0039c819 sp=0x000000c3299fcd50
Event: 1.195 Thread 0x0000020a26144e90 DEOPT UNPACKING pc=0x0000020a07597543 sp=0x000000c3299fc1a0 mode 0
Event: 1.200 Thread 0x0000020a26144e90 DEOPT PACKING pc=0x0000020a0039c819 sp=0x000000c3299fc760
Event: 1.200 Thread 0x0000020a26144e90 DEOPT UNPACKING pc=0x0000020a07597543 sp=0x000000c3299fbbb0 mode 0
Event: 1.202 Thread 0x0000020a26144e90 DEOPT PACKING pc=0x0000020a0039c819 sp=0x000000c3299fc6d0
Event: 1.202 Thread 0x0000020a26144e90 DEOPT UNPACKING pc=0x0000020a07597543 sp=0x000000c3299fbb20 mode 0
Event: 1.343 Thread 0x0000020a26144e90 DEOPT PACKING pc=0x0000020a003ab55c sp=0x000000c3299fcbd0
Event: 1.343 Thread 0x0000020a26144e90 DEOPT UNPACKING pc=0x0000020a07597543 sp=0x000000c3299fbfd0 mode 0
Event: 1.344 Thread 0x0000020a26144e90 DEOPT PACKING pc=0x0000020a003b09a9 sp=0x000000c3299fca20
Event: 1.344 Thread 0x0000020a26144e90 DEOPT UNPACKING pc=0x0000020a07597543 sp=0x000000c3299fbda8 mode 0
Event: 1.347 Thread 0x0000020a26144e90 DEOPT PACKING pc=0x0000020a003dfd83 sp=0x000000c3299fcb40
Event: 1.347 Thread 0x0000020a26144e90 DEOPT UNPACKING pc=0x0000020a07597543 sp=0x000000c3299fbf60 mode 0
Event: 1.359 Thread 0x0000020a26144e90 DEOPT PACKING pc=0x0000020a003a5142 sp=0x000000c3299fd2c0
Event: 1.359 Thread 0x0000020a26144e90 DEOPT UNPACKING pc=0x0000020a07597543 sp=0x000000c3299fc750 mode 0
Event: 1.361 Thread 0x0000020a26144e90 DEOPT PACKING pc=0x0000020a003ab55c sp=0x000000c3299fd520
Event: 1.361 Thread 0x0000020a26144e90 DEOPT UNPACKING pc=0x0000020a07597543 sp=0x000000c3299fc920 mode 0
Event: 1.513 Thread 0x0000020a26144e90 DEOPT PACKING pc=0x0000020a003ab14c sp=0x000000c3299fd5a0
Event: 1.513 Thread 0x0000020a26144e90 DEOPT UNPACKING pc=0x0000020a07597543 sp=0x000000c3299fc9a0 mode 0
Event: 1.515 Thread 0x0000020a26144e90 DEOPT PACKING pc=0x0000020a003ab55c sp=0x000000c3299fd480
Event: 1.515 Thread 0x0000020a26144e90 DEOPT UNPACKING pc=0x0000020a07597543 sp=0x000000c3299fc880 mode 0

Classes loaded (20 events):
Event: 1.329 Loading class javax/swing/text/GapContent$RemoveUndo
Event: 1.329 Loading class javax/swing/text/GapContent$RemoveUndo done
Event: 1.329 Loading class javax/swing/text/GapContent$UndoPosRef
Event: 1.330 Loading class javax/swing/text/GapContent$UndoPosRef done
Event: 1.349 Loading class java/awt/KeyboardFocusManager$3
Event: 1.349 Loading class java/awt/KeyboardFocusManager$3 done
Event: 1.352 Loading class sun/awt/im/CompositionAreaHandler
Event: 1.352 Loading class sun/awt/im/CompositionAreaHandler done
Event: 1.352 Loading class java/text/AttributedString
Event: 1.352 Loading class java/text/AttributedString done
Event: 1.352 Loading class java/text/AttributedString$AttributedStringIterator
Event: 1.352 Loading class java/text/AttributedCharacterIterator
Event: 1.352 Loading class java/text/AttributedCharacterIterator done
Event: 1.352 Loading class java/text/AttributedString$AttributedStringIterator done
Event: 1.353 Loading class java/awt/TextComponent
Event: 1.354 Loading class java/awt/TextComponent done
Event: 1.360 Loading class java/awt/geom/Path2D$Float$CopyIterator
Event: 1.360 Loading class java/awt/geom/Path2D$Float$CopyIterator done
Event: 10.547 Loading class jdk/internal/misc/Signal$1
Event: 10.547 Loading class jdk/internal/misc/Signal$1 done

Classes unloaded (0 events):
No events

Classes redefined (0 events):
No events

Internal exceptions (20 events):
Event: 0.676 Thread 0x0000020a26144e90 Implicit null exception at 0x0000020a07b34a88 to 0x0000020a07b35144
Event: 0.681 Thread 0x0000020a26144e90 Exception <a 'java/lang/NoSuchMethodError'{0x00000006211f63c8}: 'void java.lang.invoke.DirectMethodHandle$Holder.invokeVirtual(java.lang.Object, java.lang.Object)'> (0x00000006211f63c8) 
thrown [s\open\src\hotspot\share\interpreter\linkResolver.cpp, line 774]
Event: 0.682 Thread 0x0000020a26144e90 Exception <a 'java/lang/NoSuchMethodError'{0x000000062120db50}: 'java.lang.Object java.lang.invoke.DirectMethodHandle$Holder.invokeVirtual(java.lang.Object, java.lang.Object, java.lang.Object, java.lang.Object)'> (0x000000062120db50) 
thrown [s\open\src\hotspot\share\interpreter\linkResolver.cpp, line 774]
Event: 0.700 Thread 0x0000020a29c90420 Exception <a 'java/lang/NoSuchMethodError'{0x00000006212bb238}: 'java.lang.Object java.lang.invoke.DirectMethodHandle$Holder.newInvokeSpecial(java.lang.Object, java.lang.Object, java.lang.Object, int, int, int, int, int)'> (0x00000006212bb238) 
thrown [s\open\src\hotspot\share\interpreter\linkResolver.cpp, line 774]
Event: 0.742 Thread 0x0000020a29c90420 Exception <a 'java/io/FileNotFoundException'{0x0000000620d4fee8}> (0x0000000620d4fee8) 
thrown [s\open\src\hotspot\share\prims\jni.cpp, line 517]
Event: 0.742 Thread 0x0000020a29c90420 Exception <a 'java/io/FileNotFoundException'{0x0000000620d502e8}> (0x0000000620d502e8) 
thrown [s\open\src\hotspot\share\prims\jni.cpp, line 517]
Event: 0.744 Thread 0x0000020a29c90420 Exception <a 'java/io/FileNotFoundException'{0x0000000620d506e8}> (0x0000000620d506e8) 
thrown [s\open\src\hotspot\share\prims\jni.cpp, line 517]
Event: 0.745 Thread 0x0000020a29c90420 Exception <a 'java/io/FileNotFoundException'{0x0000000620d50ae8}> (0x0000000620d50ae8) 
thrown [s\open\src\hotspot\share\prims\jni.cpp, line 517]
Event: 0.746 Thread 0x0000020a29c90420 Exception <a 'java/io/FileNotFoundException'{0x0000000620d50ee8}> (0x0000000620d50ee8) 
thrown [s\open\src\hotspot\share\prims\jni.cpp, line 517]
Event: 0.747 Thread 0x0000020a29c90420 Exception <a 'java/io/FileNotFoundException'{0x0000000620d512e8}> (0x0000000620d512e8) 
thrown [s\open\src\hotspot\share\prims\jni.cpp, line 517]
Event: 0.747 Thread 0x0000020a29c90420 Exception <a 'java/io/FileNotFoundException'{0x0000000620d516e8}> (0x0000000620d516e8) 
thrown [s\open\src\hotspot\share\prims\jni.cpp, line 517]
Event: 0.748 Thread 0x0000020a29c90420 Exception <a 'java/io/FileNotFoundException'{0x0000000620d51ae8}> (0x0000000620d51ae8) 
thrown [s\open\src\hotspot\share\prims\jni.cpp, line 517]
Event: 0.748 Thread 0x0000020a29c90420 Exception <a 'java/io/FileNotFoundException'{0x0000000620d51ee8}> (0x0000000620d51ee8) 
thrown [s\open\src\hotspot\share\prims\jni.cpp, line 517]
Event: 0.749 Thread 0x0000020a29c90420 Exception <a 'java/io/FileNotFoundException'{0x0000000620d522e8}> (0x0000000620d522e8) 
thrown [s\open\src\hotspot\share\prims\jni.cpp, line 517]
Event: 0.791 Thread 0x0000020a26144e90 Exception <a 'java/lang/NoSuchMethodError'{0x0000000620f6c668}: 'java.lang.Object java.lang.invoke.DirectMethodHandle$Holder.newInvokeSpecial(java.lang.Object, java.lang.Object, java.lang.Object, java.lang.Object, java.lang.Object, java.lang.Object)'> (0x0000000620f6c668) 
thrown [s\open\src\hotspot\share\interpreter\linkResolver.cpp, line 774]
Event: 0.796 Thread 0x0000020a26144e90 Exception <a 'java/lang/NoSuchMethodError'{0x0000000620fbb718}: 'int java.lang.invoke.DirectMethodHandle$Holder.invokeSpecial(java.lang.Object, java.lang.Object, java.lang.Object)'> (0x0000000620fbb718) 
thrown [s\open\src\hotspot\share\interpreter\linkResolver.cpp, line 774]
Event: 0.932 Thread 0x0000020a26144e90 Exception <a 'java/lang/NoSuchMethodError'{0x000000062058ae48}: 'void java.lang.invoke.DirectMethodHandle$Holder.invokeStaticInit(java.lang.Object)'> (0x000000062058ae48) 
thrown [s\open\src\hotspot\share\interpreter\linkResolver.cpp, line 774]
Event: 1.006 Thread 0x0000020a26144e90 Exception <a 'java/lang/NoSuchMethodError'{0x0000000620659728}: 'void java.lang.invoke.DirectMethodHandle$Holder.invokeVirtual(java.lang.Object, java.lang.Object, java.lang.Object, int, int, int, int, double)'> (0x0000000620659728) 
thrown [s\open\src\hotspot\share\interpreter\linkResolver.cpp, line 774]
Event: 1.199 Thread 0x0000020a29c90420 Exception <a 'java/io/FileNotFoundException'{0x0000000620a28178}> (0x0000000620a28178) 
thrown [s\open\src\hotspot\share\prims\jni.cpp, line 517]
Event: 5.488 Thread 0x0000020a26102090 Exception <a 'java/lang/IllegalArgumentException'{0x00000006212ed6f0}: Unknown argument 'foldmultilines' in diagnostic command.> (0x00000006212ed6f0) 
thrown [s\open\src\hotspot\share\services\diagnosticFramework.cpp, line 215]

VM Operations (20 events):
Event: 0.733 Executing VM operation: HandshakeAllThreads
Event: 0.733 Executing VM operation: HandshakeAllThreads done
Event: 0.733 Executing VM operation: HandshakeAllThreads
Event: 0.733 Executing VM operation: HandshakeAllThreads done
Event: 0.798 Executing VM operation: HandshakeAllThreads
Event: 0.798 Executing VM operation: HandshakeAllThreads done
Event: 0.825 Executing VM operation: HandshakeAllThreads
Event: 0.825 Executing VM operation: HandshakeAllThreads done
Event: 0.921 Executing VM operation: HandshakeAllThreads
Event: 0.921 Executing VM operation: HandshakeAllThreads done
Event: 0.939 Executing VM operation: HandshakeAllThreads
Event: 0.939 Executing VM operation: HandshakeAllThreads done
Event: 0.971 Executing VM operation: ICBufferFull
Event: 0.971 Executing VM operation: ICBufferFull done
Event: 1.209 Executing VM operation: HandshakeAllThreads
Event: 1.209 Executing VM operation: HandshakeAllThreads done
Event: 1.296 Executing VM operation: G1CollectForAllocation
Event: 1.300 Executing VM operation: G1CollectForAllocation done
Event: 2.305 Executing VM operation: Cleanup
Event: 2.305 Executing VM operation: Cleanup done

Events (20 events):
Event: 0.019 Thread 0x0000020a26115ce0 Thread added: 0x0000020a26115ce0
Event: 0.019 Thread 0x0000020a26143ea0 Thread added: 0x0000020a26143ea0
Event: 0.034 Thread 0x0000020a261443f0 Thread added: 0x0000020a261443f0
Event: 0.065 Thread 0x0000020a26144940 Thread added: 0x0000020a26144940
Event: 0.065 Thread 0x0000020a26142eb0 Thread added: 0x0000020a26142eb0
Event: 0.124 Thread 0x0000020a26143400 Thread added: 0x0000020a26143400
Event: 0.125 Thread 0x0000020a261453e0 Thread added: 0x0000020a261453e0
Event: 0.125 Thread 0x0000020a26142410 Thread added: 0x0000020a26142410
Event: 0.183 Thread 0x0000020a2636f240 Thread added: 0x0000020a2636f240
Event: 0.482 Thread 0x0000020a26144e90 Thread added: 0x0000020a26144e90
Event: 0.482 Thread 0x0000020a74c44130 Thread exited: 0x0000020a74c44130
Event: 0.483 Thread 0x0000020a26141ec0 Thread added: 0x0000020a26141ec0
Event: 0.698 Thread 0x0000020a29c90420 Thread added: 0x0000020a29c90420
Event: 0.790 Thread 0x0000020a29c91eb0 Thread added: 0x0000020a29c91eb0
Event: 0.909 Thread 0x0000020a29c8f980 Thread added: 0x0000020a29c8f980
Event: 1.000 Thread 0x0000020a29c953d0 Thread added: 0x0000020a29c953d0
Event: 1.340 Thread 0x0000020a2a50e840 Thread added: 0x0000020a2a50e840
Event: 1.506 Thread 0x0000020a2a50e840 Thread exited: 0x0000020a2a50e840
Event: 6.209 Thread 0x0000020a29c90420 Thread exited: 0x0000020a29c90420
Event: 6.579 Thread 0x0000020a2636f240 Thread exited: 0x0000020a2636f240


Dynamic libraries:
0x00007ff608ec0000 - 0x00007ff608ece000 	C:\Users\AntekK\.jdks\openjdk-19.0.1\bin\java.exe
0x00007ffac1630000 - 0x00007ffac1828000 	C:\Windows\SYSTEM32\ntdll.dll
0x00007ffabf8f0000 - 0x00007ffabf9af000 	C:\Windows\System32\KERNEL32.DLL
0x00007ffabef60000 - 0x00007ffabf232000 	C:\Windows\System32\KERNELBASE.dll
0x00007ffabf350000 - 0x00007ffabf450000 	C:\Windows\System32\ucrtbase.dll
0x00007ffaae740000 - 0x00007ffaae757000 	C:\Users\AntekK\.jdks\openjdk-19.0.1\bin\jli.dll
0x00007ffaae720000 - 0x00007ffaae73b000 	C:\Users\AntekK\.jdks\openjdk-19.0.1\bin\VCRUNTIME140.dll
0x00007ffac0ac0000 - 0x00007ffac0c61000 	C:\Windows\System32\USER32.dll
0x00007ffaa8b40000 - 0x00007ffaa8dda000 	C:\Windows\WinSxS\amd64_microsoft.windows.common-controls_6595b64144ccf1df_6.0.19041.1110_none_60b5254171f9507e\COMCTL32.dll
0x00007ffabf450000 - 0x00007ffabf472000 	C:\Windows\System32\win32u.dll
0x00007ffac0da0000 - 0x00007ffac0e3e000 	C:\Windows\System32\msvcrt.dll
0x00007ffabf730000 - 0x00007ffabf75b000 	C:\Windows\System32\GDI32.dll
0x00007ffabf240000 - 0x00007ffabf34f000 	C:\Windows\System32\gdi32full.dll
0x00007ffabf480000 - 0x00007ffabf51d000 	C:\Windows\System32\msvcp_win.dll
0x00007ffac13f0000 - 0x00007ffac1420000 	C:\Windows\System32\IMM32.DLL
0x00007ffaae710000 - 0x00007ffaae71c000 	C:\Users\AntekK\.jdks\openjdk-19.0.1\bin\vcruntime140_1.dll
0x00007ffaae680000 - 0x00007ffaae70e000 	C:\Users\AntekK\.jdks\openjdk-19.0.1\bin\msvcp140.dll
0x00007ffa10bb0000 - 0x00007ffa11870000 	C:\Users\AntekK\.jdks\openjdk-19.0.1\bin\server\jvm.dll
0x00007ffabf9b0000 - 0x00007ffabfa5e000 	C:\Windows\System32\ADVAPI32.dll
0x00007ffac1420000 - 0x00007ffac14bc000 	C:\Windows\System32\sechost.dll
0x00007ffac0e40000 - 0x00007ffac0f64000 	C:\Windows\System32\RPCRT4.dll
0x00007ffaa1740000 - 0x00007ffaa1749000 	C:\Windows\SYSTEM32\WSOCK32.dll
0x00007ffab2ac0000 - 0x00007ffab2ae7000 	C:\Windows\SYSTEM32\WINMM.dll
0x00007ffac0830000 - 0x00007ffac089b000 	C:\Windows\System32\WS2_32.dll
0x00007ffabb650000 - 0x00007ffabb65a000 	C:\Windows\SYSTEM32\VERSION.dll
0x00007ffabd560000 - 0x00007ffabd572000 	C:\Windows\SYSTEM32\kernel.appcore.dll
0x00007ffaa68b0000 - 0x00007ffaa68ba000 	C:\Users\AntekK\.jdks\openjdk-19.0.1\bin\jimage.dll
0x00007ffaaeda0000 - 0x00007ffaaef84000 	C:\Windows\SYSTEM32\DBGHELP.DLL
0x00007ffa8d950000 - 0x00007ffa8d985000 	C:\Windows\SYSTEM32\dbgcore.DLL
0x00007ffabeed0000 - 0x00007ffabef52000 	C:\Windows\System32\bcryptPrimitives.dll
0x00007ffaa67b0000 - 0x00007ffaa67be000 	C:\Users\AntekK\.jdks\openjdk-19.0.1\bin\instrument.dll
0x00007ffaa63b0000 - 0x00007ffaa63d6000 	C:\Users\AntekK\.jdks\openjdk-19.0.1\bin\java.dll
0x00007ffa19620000 - 0x00007ffa196f7000 	C:\Users\AntekK\.jdks\openjdk-19.0.1\bin\jsvml.dll
0x00007ffabfa60000 - 0x00007ffac01a5000 	C:\Windows\System32\SHELL32.dll
0x00007ffabcd20000 - 0x00007ffabd4b2000 	C:\Windows\SYSTEM32\windows.storage.dll
0x00007ffac1090000 - 0x00007ffac13e5000 	C:\Windows\System32\combase.dll
0x00007ffabe6b0000 - 0x00007ffabe6e0000 	C:\Windows\SYSTEM32\Wldp.dll
0x00007ffabf680000 - 0x00007ffabf72d000 	C:\Windows\System32\SHCORE.dll
0x00007ffac02d0000 - 0x00007ffac0325000 	C:\Windows\System32\shlwapi.dll
0x00007ffabec70000 - 0x00007ffabec8f000 	C:\Windows\SYSTEM32\profapi.dll
0x00007ffaa6370000 - 0x00007ffaa6388000 	C:\Users\AntekK\.jdks\openjdk-19.0.1\bin\zip.dll
0x00007ffaa65c0000 - 0x00007ffaa65d3000 	C:\Users\AntekK\.jdks\openjdk-19.0.1\bin\net.dll
0x00007ffab89f0000 - 0x00007ffab8afa000 	C:\Windows\SYSTEM32\WINHTTP.dll
0x00007ffabe490000 - 0x00007ffabe4fa000 	C:\Windows\system32\mswsock.dll
0x00007ffaa6390000 - 0x00007ffaa63a6000 	C:\Users\AntekK\.jdks\openjdk-19.0.1\bin\nio.dll
0x00007ffaa5040000 - 0x00007ffaa505a000 	C:\Program Files\JetBrains\IntelliJ IDEA 2022.1.2\bin\breakgen64.dll
0x00007ffaa6350000 - 0x00007ffaa6358000 	C:\Users\AntekK\.jdks\openjdk-19.0.1\bin\extnet.dll
0x00007ffa12760000 - 0x00007ffa128f0000 	C:\Users\AntekK\.jdks\openjdk-19.0.1\bin\awt.dll
0x00007ffac14c0000 - 0x00007ffac158d000 	C:\Windows\System32\OLEAUT32.dll
0x00007ffab5910000 - 0x00007ffab59a0000 	C:\Windows\SYSTEM32\apphelp.dll
0x00007ffaa61b0000 - 0x00007ffaa61b9000 	C:\Users\AntekK\.jdks\openjdk-19.0.1\bin\prefs.dll
0x00007ffabc300000 - 0x00007ffabc39e000 	C:\Windows\system32\uxtheme.dll
0x00007ffac0f70000 - 0x00007ffac1084000 	C:\Windows\System32\MSCTF.dll
0x00007ffac0c70000 - 0x00007ffac0d9a000 	C:\Windows\System32\ole32.dll
0x00007ffabc590000 - 0x00007ffabc5bf000 	C:\Windows\system32\DWMAPI.DLL
0x00007ffa8da50000 - 0x00007ffa8dad6000 	C:\Users\AntekK\.jdks\openjdk-19.0.1\bin\freetype.dll
0x00007ffa12690000 - 0x00007ffa12755000 	C:\Users\AntekK\.jdks\openjdk-19.0.1\bin\fontmanager.dll
0x00007ffa89d90000 - 0x00007ffa89eb5000 	C:\Windows\system32\opengl32.dll
0x00007ffaa5b90000 - 0x00007ffaa5bbc000 	C:\Windows\SYSTEM32\GLU32.dll
0x00007ffa248b0000 - 0x00007ffa24a7e000 	C:\Windows\system32\d3d9.dll
0x00007ffaaece0000 - 0x00007ffaaed9d000 	C:\Windows\System32\DriverStore\FileRepository\nvmdi.inf_amd64_5a1db089dddab6b2\nvldumdx.dll
0x00007ffabe920000 - 0x00007ffabe932000 	C:\Windows\SYSTEM32\msasn1.dll
0x00007ffabb080000 - 0x00007ffabb0b1000 	C:\Windows\SYSTEM32\cryptnet.dll
0x00007ffabf520000 - 0x00007ffabf676000 	C:\Windows\System32\CRYPT32.dll
0x00007ffababf0000 - 0x00007ffabad38000 	C:\Windows\SYSTEM32\drvstore.dll
0x00007ffabeae0000 - 0x00007ffabeb0c000 	C:\Windows\SYSTEM32\devobj.dll
0x00007ffabedd0000 - 0x00007ffabee1e000 	C:\Windows\System32\cfgmgr32.dll
0x00007ffabe620000 - 0x00007ffabe62c000 	C:\Windows\SYSTEM32\cryptbase.dll
0x00007ffabed30000 - 0x00007ffabed99000 	C:\Windows\System32\WINTRUST.DLL
0x00007ffac0810000 - 0x00007ffac082d000 	C:\Windows\System32\imagehlp.dll
0x00007ffabe6f0000 - 0x00007ffabe708000 	C:\Windows\SYSTEM32\CRYPTSP.dll
0x00007ffabdd60000 - 0x00007ffabdd94000 	C:\Windows\system32\rsaenh.dll
0x00007ffabeda0000 - 0x00007ffabedc7000 	C:\Windows\System32\bcrypt.dll
0x00007ffa1b140000 - 0x00007ffa1e036000 	C:\Windows\System32\DriverStore\FileRepository\nvmdi.inf_amd64_5a1db089dddab6b2\nvd3dumx.dll
0x00007ffa19170000 - 0x00007ffa19441000 	C:\Windows\system32\nvspcap64.dll
0x00007ffabde80000 - 0x00007ffabdeb3000 	C:\Windows\SYSTEM32\ntmarta.dll
0x00007ffabd580000 - 0x00007ffabd5a3000 	C:\Windows\SYSTEM32\gpapi.dll
0x00007ffabaf20000 - 0x00007ffabaf5b000 	C:\Windows\SYSTEM32\dxcore.dll
0x00007ffaa4c80000 - 0x00007ffaa4c87000 	C:\Users\AntekK\.jdks\openjdk-19.0.1\bin\jawt.dll
0x00007ffaa4c70000 - 0x00007ffaa4c76000 	C:\Users\AntekK\AppData\Local\Temp\flatlaf.temp\flatlaf-windows-x86_64-170408176553990.dll
0x00007ffa94220000 - 0x00007ffa9424e000 	C:\Users\AntekK\.jdks\openjdk-19.0.1\bin\javajpeg.dll
0x00007ffabf840000 - 0x00007ffabf8e9000 	C:\Windows\System32\clbcatq.dll
0x00007ffabc030000 - 0x00007ffabc1e4000 	C:\Windows\SYSTEM32\WindowsCodecs.dll
0x00007ffa824e0000 - 0x00007ffa8251e000 	C:\Windows\system32\dataexchange.dll
0x00007ffabb850000 - 0x00007ffabbab3000 	C:\Windows\system32\d3d11.dll
0x00007ffab4de0000 - 0x00007ffab4fc3000 	C:\Windows\system32\dcomp.dll
0x00007ffabd5b0000 - 0x00007ffabd6a3000 	C:\Windows\system32\dxgi.dll
0x00007ffab8ef0000 - 0x00007ffab90f0000 	C:\Windows\system32\twinapi.appcore.dll
0x00007ffab3580000 - 0x00007ffab3679000 	C:\Windows\SYSTEM32\textinputframework.dll
0x00007ffab4fd0000 - 0x00007ffab50c2000 	C:\Windows\System32\CoreMessaging.dll
0x00007ffab4060000 - 0x00007ffab43be000 	C:\Windows\System32\CoreUIComponents.dll
0x00007ffaba680000 - 0x00007ffaba7d4000 	C:\Windows\SYSTEM32\wintypes.dll

dbghelp: loaded successfully - version: 4.0.5 - missing functions: none
symbol engine: initialized successfully - sym options: 0x614 - pdb path: .;C:\Users\AntekK\.jdks\openjdk-19.0.1\bin;C:\Windows\SYSTEM32;C:\Windows\WinSxS\amd64_microsoft.windows.common-controls_6595b64144ccf1df_6.0.19041.1110_none_60b5254171f9507e;C:\Users\AntekK\.jdks\openjdk-19.0.1\bin\server;C:\Program Files\JetBrains\IntelliJ IDEA 2022.1.2\bin;C:\Windows\System32\DriverStore\FileRepository\nvmdi.inf_amd64_5a1db089dddab6b2;C:\Users\AntekK\AppData\Local\Temp\flatlaf.temp;C:\Users\AntekK\AppData\Local\Temp

VM Arguments:
jvm_args: -javaagent:C:\Program Files\JetBrains\IntelliJ IDEA 2022.1.2\lib\idea_rt.jar=56464:C:\Program Files\JetBrains\IntelliJ IDEA 2022.1.2\bin -Dfile.encoding=UTF-8 
java_command: Gui.Frame
java_class_path (initial): C:\Users\AntekK\IdeaProjects\Minecraft_Server_Launcher_2\out\production\Minecraft_Server_Launcher_2;C:\Users\AntekK\IdeaProjects\Minecraft_Server_Launcher_2\flatlaf-3.0.jar;C:\Users\AntekK\IdeaProjects\Minecraft_Server_Launcher_2\json-20220924.jar;C:\Users\AntekK\IdeaProjects\Minecraft_Server_Launcher_2\flatlaf-intellij-themes-3.0.jar;C:\Users\AntekK\IdeaProjects\Minecraft_Server_Launcher_2\commons-io-2.11.0.jar;C:\Users\AntekK\IdeaProjects\Minecraft_Server_Launcher_2\nbt-1.5.1.jar
Launcher Type: SUN_STANDARD

[Global flags]
     intx CICompilerCount                          = 4                                         {product} {ergonomic}
     uint ConcGCThreads                            = 3                                         {product} {ergonomic}
     uint G1ConcRefinementThreads                  = 10                                        {product} {ergonomic}
   size_t G1HeapRegionSize                         = 4194304                                   {product} {ergonomic}
    uintx GCDrainStackTargetSize                   = 64                                        {product} {ergonomic}
   size_t InitialHeapSize                          = 536870912                                 {product} {ergonomic}
   size_t MarkStackSize                            = 4194304                                   {product} {ergonomic}
   size_t MaxHeapSize                              = 8568963072                                {product} {ergonomic}
   size_t MaxNewSize                               = 5138022400                                {product} {ergonomic}
   size_t MinHeapDeltaBytes                        = 4194304                                   {product} {ergonomic}
   size_t MinHeapSize                              = 8388608                                   {product} {ergonomic}
    uintx NonNMethodCodeHeapSize                   = 5839372                                {pd product} {ergonomic}
    uintx NonProfiledCodeHeapSize                  = 122909434                              {pd product} {ergonomic}
    uintx ProfiledCodeHeapSize                     = 122909434                              {pd product} {ergonomic}
    uintx ReservedCodeCacheSize                    = 251658240                              {pd product} {ergonomic}
     bool SegmentedCodeCache                       = true                                      {product} {ergonomic}
   size_t SoftMaxHeapSize                          = 8568963072                             {manageable} {ergonomic}
     bool UseCompressedClassPointers               = true                           {product lp64_product} {ergonomic}
     bool UseCompressedOops                        = true                           {product lp64_product} {ergonomic}
     bool UseG1GC                                  = true                                      {product} {ergonomic}
     bool UseLargePagesIndividualAllocation        = false                                  {pd product} {ergonomic}

Logging:
Log output configuration:
 #0: stdout all=warning uptime,level,tags foldmultilines=false
 #1: stderr all=off uptime,level,tags foldmultilines=false

Environment Variables:
PATH=C:\Program Files\Eclipse Adoptium\jdk-19.0.2.7-hotspot\bin;C:\Program Files (x86)\Razer Chroma SDK\bin;C:\Program Files\Razer Chroma SDK\bin;C:\Program Files (x86)\Razer\ChromaBroadcast\bin;C:\Program Files\Razer\ChromaBroadcast\bin;C:\Program Files (x86)\VMware\VMware Workstation\bin\;C:\Program Files\Oculus\Support\oculus-runtime;C:\Program Files\Eclipse Adoptium\jdk-17.0.1.12-hotspot\bin;C:\Program Files (x86)\Common Files\Intel\Shared Libraries\redist\intel64\compiler;C:\Program Files\NVIDIA GPU Computing Toolkit\CUDA\v11.3\bin;C:\Program Files\NVIDIA GPU Computing Toolkit\CUDA\v11.3\libnvvp;C:\Program Files\AdoptOpenJDK\jdk-16.0.0.36-openj9\bin;C:\Program Files\AdoptOpenJDK\jdk-16.0.0.36-openj9\bin;C:\Windows\system32;C:\Windows;C:\Windows\System32\Wbem;C:\Windows\System32\WindowsPowerShell\v1.0\;C:\Windows\System32\OpenSSH\;C:\Program Files\NVIDIA Corporation\NVIDIA NvDLISR;C:\Program Files\NVIDIA Corporation\Nsight Compute 2021.1.1;C:\Program Files\dotnet\;C:\Program Files\Git\cmd;C:\Program Files (x86)\FFAIO\bin;C:\Program Files (x86)\NetSarang\Xshell 7\;C:\Program Files\PuTTY\;C:\Program Files\WireGuard\;C:\Users\AntekK\AppData\Local\Programs\Python\Python310\Scripts\;C:\Users\AntekK\AppData\Local\Programs\Python\Python310\;C:\Users\AntekK\AppData\Local\Microsoft\WindowsApps;C:\FfMpeg\bin;C:\Program Files\AdoptOpenJDK\jdk-8.0.282.8-openj9\bin;C:\Users\AntekK\AppData\Local\Programs\Microsoft VS Code\bin;C:\msys64\mingw64\bin;C:\platform-tools;C:\Windows\system32\config\systemprofile\AppData\Local\Microsoft\WindowsApps;C:\Program Files\nodejs\;C:\Program Files (x86)\NVIDIA Corporation\PhysX\Common;C:\Users\AntekK\AppData\Local\Programs\Python\Python310\Scripts\;C:\Users\AntekK\AppData\Local\Programs\Python\Python310\;C:\Users\AntekK\AppData\Local\Microsoft\WindowsApps;C:\FfMpeg\bin;C:\Program Files\AdoptOpenJDK\jdk-8.0.282.8-openj9\bin;C:\Users\AntekK\AppData\Local\Programs\Microsoft VS Code\bin;C:\msys64\mingw64\bin;C:\platform-tools;C:\Users\AntekK\AppData\Roaming\npm;C:\apache-maven-3.9.1\bin;
USERNAME=AntekK
OS=Windows_NT
PROCESSOR_IDENTIFIER=AMD64 Family 23 Model 113 Stepping 0, AuthenticAMD
TMP=C:\Users\AntekK\AppData\Local\Temp
TEMP=C:\Users\AntekK\AppData\Local\Temp



---------------  S Y S T E M  ---------------

OS:
 Windows 10 , 64 bit Build 19041 (10.0.19041.2546)
OS uptime: 0 days 4:44 hours
Hyper-V role detected

CPU: total 12 (initial active 12) (12 cores per cpu, 2 threads per core) family 23 model 113 stepping 0 microcode 0x0, cx8, cmov, fxsr, ht, mmx, 3dnowpref, sse, sse2, sse3, ssse3, sse4a, sse4.1, sse4.2, popcnt, lzcnt, tsc, tscinvbit, avx, avx2, aes, clmul, bmi1, bmi2, adx, sha, fma, vzeroupper, clflush, clflushopt, hv, rdtscp, rdpid

Memory: 4k page, system-wide physical 32677M (21892M free)
TotalPageFile size 39005M (AvailPageFile size 21144M)
current process WorkingSet (physical memory assigned to process): 138M, peak: 171M
current process commit charge ("private bytes"): 701M, peak: 722M

vm_info: OpenJDK 64-Bit Server VM (19.0.1+10-21) for windows-amd64 JRE (19.0.1+10-21), built on 2022-09-14T12:45:06Z by "mach5one" with MS VC++ 17.1 (VS2022)

END.
